::1 - - [08/Nov/2021:12:39:29 +0000] "GET / HTTP/1.1" 304 - "http://localhost:8000/user/profile/618910dadb0f356149ea3b21" "Mozilla/5.0 (Windows NT 10.0; Win64; x64) AppleWebKit/537.36 (KHTML, like Gecko) Chrome/95.0.4638.69 Safari/537.36"
::1 - - [08/Nov/2021:12:39:29 +0000] "GET /css/main.css HTTP/1.1" 304 - "http://localhost:8000/" "Mozilla/5.0 (Windows NT 10.0; Win64; x64) AppleWebKit/537.36 (KHTML, like Gecko) Chrome/95.0.4638.69 Safari/537.36"
::1 - - [08/Nov/2021:12:39:29 +0000] "GET /css/home.css HTTP/1.1" 304 - "http://localhost:8000/" "Mozilla/5.0 (Windows NT 10.0; Win64; x64) AppleWebKit/537.36 (KHTML, like Gecko) Chrome/95.0.4638.69 Safari/537.36"
::1 - - [08/Nov/2021:12:39:29 +0000] "GET /css/chatbox.css HTTP/1.1" 304 - "http://localhost:8000/" "Mozilla/5.0 (Windows NT 10.0; Win64; x64) AppleWebKit/537.36 (KHTML, like Gecko) Chrome/95.0.4638.69 Safari/537.36"
::1 - - [08/Nov/2021:12:39:29 +0000] "GET /js/home_posts.js HTTP/1.1" 304 - "http://localhost:8000/" "Mozilla/5.0 (Windows NT 10.0; Win64; x64) AppleWebKit/537.36 (KHTML, like Gecko) Chrome/95.0.4638.69 Safari/537.36"
::1 - - [08/Nov/2021:12:39:29 +0000] "GET /js/comments.js HTTP/1.1" 304 - "http://localhost:8000/" "Mozilla/5.0 (Windows NT 10.0; Win64; x64) AppleWebKit/537.36 (KHTML, like Gecko) Chrome/95.0.4638.69 Safari/537.36"
::1 - - [08/Nov/2021:12:39:29 +0000] "GET /js/likes.js HTTP/1.1" 304 - "http://localhost:8000/" "Mozilla/5.0 (Windows NT 10.0; Win64; x64) AppleWebKit/537.36 (KHTML, like Gecko) Chrome/95.0.4638.69 Safari/537.36"
::1 - - [08/Nov/2021:12:39:29 +0000] "GET /js/chat_engine.js HTTP/1.1" 304 - "http://localhost:8000/" "Mozilla/5.0 (Windows NT 10.0; Win64; x64) AppleWebKit/537.36 (KHTML, like Gecko) Chrome/95.0.4638.69 Safari/537.36"
::1 - - [08/Nov/2021:12:39:31 +0000] "POST /post/create HTTP/1.1" 200 269 "http://localhost:8000/" "Mozilla/5.0 (Windows NT 10.0; Win64; x64) AppleWebKit/537.36 (KHTML, like Gecko) Chrome/95.0.4638.69 Safari/537.36"
::1 - - [08/Nov/2021:12:40:02 +0000] "GET / HTTP/1.1" 200 5508 "http://localhost:8000/user/profile/618910dadb0f356149ea3b21" "Mozilla/5.0 (Windows NT 10.0; Win64; x64) AppleWebKit/537.36 (KHTML, like Gecko) Chrome/95.0.4638.69 Safari/537.36"
::1 - - [08/Nov/2021:12:40:02 +0000] "GET /css/main.css HTTP/1.1" 304 - "http://localhost:8000/" "Mozilla/5.0 (Windows NT 10.0; Win64; x64) AppleWebKit/537.36 (KHTML, like Gecko) Chrome/95.0.4638.69 Safari/537.36"
::1 - - [08/Nov/2021:12:40:02 +0000] "GET /css/home.css HTTP/1.1" 304 - "http://localhost:8000/" "Mozilla/5.0 (Windows NT 10.0; Win64; x64) AppleWebKit/537.36 (KHTML, like Gecko) Chrome/95.0.4638.69 Safari/537.36"
::1 - - [08/Nov/2021:12:40:02 +0000] "GET /css/chatbox.css HTTP/1.1" 304 - "http://localhost:8000/" "Mozilla/5.0 (Windows NT 10.0; Win64; x64) AppleWebKit/537.36 (KHTML, like Gecko) Chrome/95.0.4638.69 Safari/537.36"
::1 - - [08/Nov/2021:12:40:02 +0000] "GET /js/home_posts.js HTTP/1.1" 304 - "http://localhost:8000/" "Mozilla/5.0 (Windows NT 10.0; Win64; x64) AppleWebKit/537.36 (KHTML, like Gecko) Chrome/95.0.4638.69 Safari/537.36"
::1 - - [08/Nov/2021:12:40:02 +0000] "GET /js/comments.js HTTP/1.1" 304 - "http://localhost:8000/" "Mozilla/5.0 (Windows NT 10.0; Win64; x64) AppleWebKit/537.36 (KHTML, like Gecko) Chrome/95.0.4638.69 Safari/537.36"
::1 - - [08/Nov/2021:12:40:02 +0000] "GET /js/likes.js HTTP/1.1" 304 - "http://localhost:8000/" "Mozilla/5.0 (Windows NT 10.0; Win64; x64) AppleWebKit/537.36 (KHTML, like Gecko) Chrome/95.0.4638.69 Safari/537.36"
::1 - - [08/Nov/2021:12:40:02 +0000] "GET /js/chat_engine.js HTTP/1.1" 304 - "http://localhost:8000/" "Mozilla/5.0 (Windows NT 10.0; Win64; x64) AppleWebKit/537.36 (KHTML, like Gecko) Chrome/95.0.4638.69 Safari/537.36"
::1 - - [08/Nov/2021:13:07:17 +0000] "GET / HTTP/1.1" 304 - "http://localhost:8000/user/profile/618910dadb0f356149ea3b21" "Mozilla/5.0 (Windows NT 10.0; Win64; x64) AppleWebKit/537.36 (KHTML, like Gecko) Chrome/95.0.4638.69 Safari/537.36"
::1 - - [08/Nov/2021:13:07:17 +0000] "GET /css/main.css HTTP/1.1" 304 - "http://localhost:8000/" "Mozilla/5.0 (Windows NT 10.0; Win64; x64) AppleWebKit/537.36 (KHTML, like Gecko) Chrome/95.0.4638.69 Safari/537.36"
::1 - - [08/Nov/2021:13:07:17 +0000] "GET /css/home.css HTTP/1.1" 304 - "http://localhost:8000/" "Mozilla/5.0 (Windows NT 10.0; Win64; x64) AppleWebKit/537.36 (KHTML, like Gecko) Chrome/95.0.4638.69 Safari/537.36"
::1 - - [08/Nov/2021:13:07:17 +0000] "GET /css/chatbox.css HTTP/1.1" 304 - "http://localhost:8000/" "Mozilla/5.0 (Windows NT 10.0; Win64; x64) AppleWebKit/537.36 (KHTML, like Gecko) Chrome/95.0.4638.69 Safari/537.36"
::1 - - [08/Nov/2021:13:07:17 +0000] "GET /js/home_posts.js HTTP/1.1" 304 - "http://localhost:8000/" "Mozilla/5.0 (Windows NT 10.0; Win64; x64) AppleWebKit/537.36 (KHTML, like Gecko) Chrome/95.0.4638.69 Safari/537.36"
::1 - - [08/Nov/2021:13:07:17 +0000] "GET /js/comments.js HTTP/1.1" 304 - "http://localhost:8000/" "Mozilla/5.0 (Windows NT 10.0; Win64; x64) AppleWebKit/537.36 (KHTML, like Gecko) Chrome/95.0.4638.69 Safari/537.36"
::1 - - [08/Nov/2021:13:07:17 +0000] "GET /js/likes.js HTTP/1.1" 304 - "http://localhost:8000/" "Mozilla/5.0 (Windows NT 10.0; Win64; x64) AppleWebKit/537.36 (KHTML, like Gecko) Chrome/95.0.4638.69 Safari/537.36"
::1 - - [08/Nov/2021:13:07:17 +0000] "GET /js/chat_engine.js HTTP/1.1" 304 - "http://localhost:8000/" "Mozilla/5.0 (Windows NT 10.0; Win64; x64) AppleWebKit/537.36 (KHTML, like Gecko) Chrome/95.0.4638.69 Safari/537.36"
::1 - - [08/Nov/2021:13:09:01 +0000] "GET / HTTP/1.1" 304 - "http://localhost:8000/user/profile/618910dadb0f356149ea3b21" "Mozilla/5.0 (Windows NT 10.0; Win64; x64) AppleWebKit/537.36 (KHTML, like Gecko) Chrome/95.0.4638.69 Safari/537.36"
::1 - - [08/Nov/2021:13:09:01 +0000] "GET /css/main.css HTTP/1.1" 304 - "http://localhost:8000/" "Mozilla/5.0 (Windows NT 10.0; Win64; x64) AppleWebKit/537.36 (KHTML, like Gecko) Chrome/95.0.4638.69 Safari/537.36"
::1 - - [08/Nov/2021:13:09:01 +0000] "GET /css/home.css HTTP/1.1" 304 - "http://localhost:8000/" "Mozilla/5.0 (Windows NT 10.0; Win64; x64) AppleWebKit/537.36 (KHTML, like Gecko) Chrome/95.0.4638.69 Safari/537.36"
::1 - - [08/Nov/2021:13:09:01 +0000] "GET /css/chatbox.css HTTP/1.1" 304 - "http://localhost:8000/" "Mozilla/5.0 (Windows NT 10.0; Win64; x64) AppleWebKit/537.36 (KHTML, like Gecko) Chrome/95.0.4638.69 Safari/537.36"
::1 - - [08/Nov/2021:13:09:01 +0000] "GET /js/home_posts.js HTTP/1.1" 304 - "http://localhost:8000/" "Mozilla/5.0 (Windows NT 10.0; Win64; x64) AppleWebKit/537.36 (KHTML, like Gecko) Chrome/95.0.4638.69 Safari/537.36"
::1 - - [08/Nov/2021:13:09:01 +0000] "GET /js/comments.js HTTP/1.1" 304 - "http://localhost:8000/" "Mozilla/5.0 (Windows NT 10.0; Win64; x64) AppleWebKit/537.36 (KHTML, like Gecko) Chrome/95.0.4638.69 Safari/537.36"
::1 - - [08/Nov/2021:13:09:01 +0000] "GET /js/likes.js HTTP/1.1" 304 - "http://localhost:8000/" "Mozilla/5.0 (Windows NT 10.0; Win64; x64) AppleWebKit/537.36 (KHTML, like Gecko) Chrome/95.0.4638.69 Safari/537.36"
::1 - - [08/Nov/2021:13:09:01 +0000] "GET /js/chat_engine.js HTTP/1.1" 304 - "http://localhost:8000/" "Mozilla/5.0 (Windows NT 10.0; Win64; x64) AppleWebKit/537.36 (KHTML, like Gecko) Chrome/95.0.4638.69 Safari/537.36"
::1 - - [08/Nov/2021:13:15:15 +0000] "GET / HTTP/1.1" 304 - "http://localhost:8000/user/profile/618910dadb0f356149ea3b21" "Mozilla/5.0 (Windows NT 10.0; Win64; x64) AppleWebKit/537.36 (KHTML, like Gecko) Chrome/95.0.4638.69 Safari/537.36"
::1 - - [08/Nov/2021:13:15:15 +0000] "GET /css/main.css HTTP/1.1" 404 151 "http://localhost:8000/" "Mozilla/5.0 (Windows NT 10.0; Win64; x64) AppleWebKit/537.36 (KHTML, like Gecko) Chrome/95.0.4638.69 Safari/537.36"
::1 - - [08/Nov/2021:13:15:16 +0000] "GET /css/home.css HTTP/1.1" 404 151 "http://localhost:8000/" "Mozilla/5.0 (Windows NT 10.0; Win64; x64) AppleWebKit/537.36 (KHTML, like Gecko) Chrome/95.0.4638.69 Safari/537.36"
::1 - - [08/Nov/2021:13:15:16 +0000] "GET /css/chatbox.css HTTP/1.1" 404 154 "http://localhost:8000/" "Mozilla/5.0 (Windows NT 10.0; Win64; x64) AppleWebKit/537.36 (KHTML, like Gecko) Chrome/95.0.4638.69 Safari/537.36"
::1 - - [08/Nov/2021:13:15:16 +0000] "GET /js/home_posts.js HTTP/1.1" 404 155 "http://localhost:8000/" "Mozilla/5.0 (Windows NT 10.0; Win64; x64) AppleWebKit/537.36 (KHTML, like Gecko) Chrome/95.0.4638.69 Safari/537.36"
::1 - - [08/Nov/2021:13:15:16 +0000] "GET /js/comments.js HTTP/1.1" 404 153 "http://localhost:8000/" "Mozilla/5.0 (Windows NT 10.0; Win64; x64) AppleWebKit/537.36 (KHTML, like Gecko) Chrome/95.0.4638.69 Safari/537.36"
::1 - - [08/Nov/2021:13:15:16 +0000] "GET /js/likes.js HTTP/1.1" 404 150 "http://localhost:8000/" "Mozilla/5.0 (Windows NT 10.0; Win64; x64) AppleWebKit/537.36 (KHTML, like Gecko) Chrome/95.0.4638.69 Safari/537.36"
::1 - - [08/Nov/2021:13:15:16 +0000] "GET /js/chat_engine.js HTTP/1.1" 404 156 "http://localhost:8000/" "Mozilla/5.0 (Windows NT 10.0; Win64; x64) AppleWebKit/537.36 (KHTML, like Gecko) Chrome/95.0.4638.69 Safari/537.36"
::1 - - [08/Nov/2021:13:15:16 +0000] "GET /css/home.css HTTP/1.1" 404 151 "http://localhost:8000/" "Mozilla/5.0 (Windows NT 10.0; Win64; x64) AppleWebKit/537.36 (KHTML, like Gecko) Chrome/95.0.4638.69 Safari/537.36"
::1 - - [08/Nov/2021:13:15:16 +0000] "GET /css/chatbox.css HTTP/1.1" 404 154 "http://localhost:8000/" "Mozilla/5.0 (Windows NT 10.0; Win64; x64) AppleWebKit/537.36 (KHTML, like Gecko) Chrome/95.0.4638.69 Safari/537.36"
::1 - - [08/Nov/2021:13:15:16 +0000] "GET /js/home_posts.js HTTP/1.1" 404 155 "http://localhost:8000/" "Mozilla/5.0 (Windows NT 10.0; Win64; x64) AppleWebKit/537.36 (KHTML, like Gecko) Chrome/95.0.4638.69 Safari/537.36"
::1 - - [08/Nov/2021:13:15:16 +0000] "GET /js/comments.js HTTP/1.1" 404 153 "http://localhost:8000/" "Mozilla/5.0 (Windows NT 10.0; Win64; x64) AppleWebKit/537.36 (KHTML, like Gecko) Chrome/95.0.4638.69 Safari/537.36"
::1 - - [08/Nov/2021:13:15:16 +0000] "GET /js/likes.js HTTP/1.1" 404 150 "http://localhost:8000/" "Mozilla/5.0 (Windows NT 10.0; Win64; x64) AppleWebKit/537.36 (KHTML, like Gecko) Chrome/95.0.4638.69 Safari/537.36"
::1 - - [08/Nov/2021:13:15:16 +0000] "GET /js/chat_engine.js HTTP/1.1" 404 156 "http://localhost:8000/" "Mozilla/5.0 (Windows NT 10.0; Win64; x64) AppleWebKit/537.36 (KHTML, like Gecko) Chrome/95.0.4638.69 Safari/537.36"
::1 - - [08/Nov/2021:13:15:18 +0000] "GET / HTTP/1.1" 304 - "http://localhost:8000/user/profile/618910dadb0f356149ea3b21" "Mozilla/5.0 (Windows NT 10.0; Win64; x64) AppleWebKit/537.36 (KHTML, like Gecko) Chrome/95.0.4638.69 Safari/537.36"
::1 - - [08/Nov/2021:13:15:18 +0000] "GET /css/main.css HTTP/1.1" 404 151 "http://localhost:8000/" "Mozilla/5.0 (Windows NT 10.0; Win64; x64) AppleWebKit/537.36 (KHTML, like Gecko) Chrome/95.0.4638.69 Safari/537.36"
::1 - - [08/Nov/2021:13:15:18 +0000] "GET /css/home.css HTTP/1.1" 404 151 "http://localhost:8000/" "Mozilla/5.0 (Windows NT 10.0; Win64; x64) AppleWebKit/537.36 (KHTML, like Gecko) Chrome/95.0.4638.69 Safari/537.36"
::1 - - [08/Nov/2021:13:15:18 +0000] "GET /css/chatbox.css HTTP/1.1" 404 154 "http://localhost:8000/" "Mozilla/5.0 (Windows NT 10.0; Win64; x64) AppleWebKit/537.36 (KHTML, like Gecko) Chrome/95.0.4638.69 Safari/537.36"
::1 - - [08/Nov/2021:13:15:18 +0000] "GET /js/home_posts.js HTTP/1.1" 404 155 "http://localhost:8000/" "Mozilla/5.0 (Windows NT 10.0; Win64; x64) AppleWebKit/537.36 (KHTML, like Gecko) Chrome/95.0.4638.69 Safari/537.36"
::1 - - [08/Nov/2021:13:15:18 +0000] "GET /js/comments.js HTTP/1.1" 404 153 "http://localhost:8000/" "Mozilla/5.0 (Windows NT 10.0; Win64; x64) AppleWebKit/537.36 (KHTML, like Gecko) Chrome/95.0.4638.69 Safari/537.36"
::1 - - [08/Nov/2021:13:15:18 +0000] "GET /js/likes.js HTTP/1.1" 404 150 "http://localhost:8000/" "Mozilla/5.0 (Windows NT 10.0; Win64; x64) AppleWebKit/537.36 (KHTML, like Gecko) Chrome/95.0.4638.69 Safari/537.36"
::1 - - [08/Nov/2021:13:15:18 +0000] "GET /js/chat_engine.js HTTP/1.1" 404 156 "http://localhost:8000/" "Mozilla/5.0 (Windows NT 10.0; Win64; x64) AppleWebKit/537.36 (KHTML, like Gecko) Chrome/95.0.4638.69 Safari/537.36"
::1 - - [08/Nov/2021:13:15:18 +0000] "GET /css/home.css HTTP/1.1" 404 151 "http://localhost:8000/" "Mozilla/5.0 (Windows NT 10.0; Win64; x64) AppleWebKit/537.36 (KHTML, like Gecko) Chrome/95.0.4638.69 Safari/537.36"
::1 - - [08/Nov/2021:13:15:18 +0000] "GET /css/chatbox.css HTTP/1.1" 404 154 "http://localhost:8000/" "Mozilla/5.0 (Windows NT 10.0; Win64; x64) AppleWebKit/537.36 (KHTML, like Gecko) Chrome/95.0.4638.69 Safari/537.36"
::1 - - [08/Nov/2021:13:15:18 +0000] "GET /js/home_posts.js HTTP/1.1" 404 155 "http://localhost:8000/" "Mozilla/5.0 (Windows NT 10.0; Win64; x64) AppleWebKit/537.36 (KHTML, like Gecko) Chrome/95.0.4638.69 Safari/537.36"
::1 - - [08/Nov/2021:13:15:18 +0000] "GET /js/comments.js HTTP/1.1" 404 153 "http://localhost:8000/" "Mozilla/5.0 (Windows NT 10.0; Win64; x64) AppleWebKit/537.36 (KHTML, like Gecko) Chrome/95.0.4638.69 Safari/537.36"
::1 - - [08/Nov/2021:13:15:18 +0000] "GET /js/likes.js HTTP/1.1" 404 150 "http://localhost:8000/" "Mozilla/5.0 (Windows NT 10.0; Win64; x64) AppleWebKit/537.36 (KHTML, like Gecko) Chrome/95.0.4638.69 Safari/537.36"
::1 - - [08/Nov/2021:13:15:18 +0000] "GET /js/chat_engine.js HTTP/1.1" 404 156 "http://localhost:8000/" "Mozilla/5.0 (Windows NT 10.0; Win64; x64) AppleWebKit/537.36 (KHTML, like Gecko) Chrome/95.0.4638.69 Safari/537.36"
::1 - - [08/Nov/2021:13:15:19 +0000] "GET / HTTP/1.1" 304 - "http://localhost:8000/user/profile/618910dadb0f356149ea3b21" "Mozilla/5.0 (Windows NT 10.0; Win64; x64) AppleWebKit/537.36 (KHTML, like Gecko) Chrome/95.0.4638.69 Safari/537.36"
::1 - - [08/Nov/2021:13:15:19 +0000] "GET /css/main.css HTTP/1.1" 404 151 "http://localhost:8000/" "Mozilla/5.0 (Windows NT 10.0; Win64; x64) AppleWebKit/537.36 (KHTML, like Gecko) Chrome/95.0.4638.69 Safari/537.36"
::1 - - [08/Nov/2021:13:15:19 +0000] "GET /css/home.css HTTP/1.1" 404 151 "http://localhost:8000/" "Mozilla/5.0 (Windows NT 10.0; Win64; x64) AppleWebKit/537.36 (KHTML, like Gecko) Chrome/95.0.4638.69 Safari/537.36"
::1 - - [08/Nov/2021:13:15:19 +0000] "GET /css/chatbox.css HTTP/1.1" 404 154 "http://localhost:8000/" "Mozilla/5.0 (Windows NT 10.0; Win64; x64) AppleWebKit/537.36 (KHTML, like Gecko) Chrome/95.0.4638.69 Safari/537.36"
::1 - - [08/Nov/2021:13:15:19 +0000] "GET /js/home_posts.js HTTP/1.1" 404 155 "http://localhost:8000/" "Mozilla/5.0 (Windows NT 10.0; Win64; x64) AppleWebKit/537.36 (KHTML, like Gecko) Chrome/95.0.4638.69 Safari/537.36"
::1 - - [08/Nov/2021:13:15:19 +0000] "GET /js/comments.js HTTP/1.1" 404 153 "http://localhost:8000/" "Mozilla/5.0 (Windows NT 10.0; Win64; x64) AppleWebKit/537.36 (KHTML, like Gecko) Chrome/95.0.4638.69 Safari/537.36"
::1 - - [08/Nov/2021:13:15:19 +0000] "GET /js/likes.js HTTP/1.1" 404 150 "http://localhost:8000/" "Mozilla/5.0 (Windows NT 10.0; Win64; x64) AppleWebKit/537.36 (KHTML, like Gecko) Chrome/95.0.4638.69 Safari/537.36"
::1 - - [08/Nov/2021:13:15:19 +0000] "GET /js/chat_engine.js HTTP/1.1" 404 156 "http://localhost:8000/" "Mozilla/5.0 (Windows NT 10.0; Win64; x64) AppleWebKit/537.36 (KHTML, like Gecko) Chrome/95.0.4638.69 Safari/537.36"
::1 - - [08/Nov/2021:13:15:19 +0000] "GET /css/chatbox.css HTTP/1.1" 404 154 "http://localhost:8000/" "Mozilla/5.0 (Windows NT 10.0; Win64; x64) AppleWebKit/537.36 (KHTML, like Gecko) Chrome/95.0.4638.69 Safari/537.36"
::1 - - [08/Nov/2021:13:15:19 +0000] "GET /js/home_posts.js HTTP/1.1" 404 155 "http://localhost:8000/" "Mozilla/5.0 (Windows NT 10.0; Win64; x64) AppleWebKit/537.36 (KHTML, like Gecko) Chrome/95.0.4638.69 Safari/537.36"
::1 - - [08/Nov/2021:13:15:19 +0000] "GET /js/comments.js HTTP/1.1" 404 153 "http://localhost:8000/" "Mozilla/5.0 (Windows NT 10.0; Win64; x64) AppleWebKit/537.36 (KHTML, like Gecko) Chrome/95.0.4638.69 Safari/537.36"
::1 - - [08/Nov/2021:13:15:19 +0000] "GET /js/likes.js HTTP/1.1" 404 150 "http://localhost:8000/" "Mozilla/5.0 (Windows NT 10.0; Win64; x64) AppleWebKit/537.36 (KHTML, like Gecko) Chrome/95.0.4638.69 Safari/537.36"
::1 - - [08/Nov/2021:13:15:19 +0000] "GET /js/chat_engine.js HTTP/1.1" 404 156 "http://localhost:8000/" "Mozilla/5.0 (Windows NT 10.0; Win64; x64) AppleWebKit/537.36 (KHTML, like Gecko) Chrome/95.0.4638.69 Safari/537.36"
::1 - - [08/Nov/2021:13:29:02 +0000] "GET / HTTP/1.1" 304 - "http://localhost:8000/user/profile/618910dadb0f356149ea3b21" "Mozilla/5.0 (Windows NT 10.0; Win64; x64) AppleWebKit/537.36 (KHTML, like Gecko) Chrome/95.0.4638.69 Safari/537.36"
::1 - - [08/Nov/2021:13:29:02 +0000] "GET /css/main.css HTTP/1.1" 404 151 "http://localhost:8000/" "Mozilla/5.0 (Windows NT 10.0; Win64; x64) AppleWebKit/537.36 (KHTML, like Gecko) Chrome/95.0.4638.69 Safari/537.36"
::1 - - [08/Nov/2021:13:29:02 +0000] "GET /css/home.css HTTP/1.1" 404 151 "http://localhost:8000/" "Mozilla/5.0 (Windows NT 10.0; Win64; x64) AppleWebKit/537.36 (KHTML, like Gecko) Chrome/95.0.4638.69 Safari/537.36"
::1 - - [08/Nov/2021:13:29:02 +0000] "GET /css/chatbox.css HTTP/1.1" 404 154 "http://localhost:8000/" "Mozilla/5.0 (Windows NT 10.0; Win64; x64) AppleWebKit/537.36 (KHTML, like Gecko) Chrome/95.0.4638.69 Safari/537.36"
::1 - - [08/Nov/2021:13:29:02 +0000] "GET /js/home_posts.js HTTP/1.1" 404 155 "http://localhost:8000/" "Mozilla/5.0 (Windows NT 10.0; Win64; x64) AppleWebKit/537.36 (KHTML, like Gecko) Chrome/95.0.4638.69 Safari/537.36"
::1 - - [08/Nov/2021:13:29:02 +0000] "GET /js/comments.js HTTP/1.1" 404 153 "http://localhost:8000/" "Mozilla/5.0 (Windows NT 10.0; Win64; x64) AppleWebKit/537.36 (KHTML, like Gecko) Chrome/95.0.4638.69 Safari/537.36"
::1 - - [08/Nov/2021:13:29:02 +0000] "GET /js/likes.js HTTP/1.1" 404 150 "http://localhost:8000/" "Mozilla/5.0 (Windows NT 10.0; Win64; x64) AppleWebKit/537.36 (KHTML, like Gecko) Chrome/95.0.4638.69 Safari/537.36"
::1 - - [08/Nov/2021:13:29:02 +0000] "GET /js/chat_engine.js HTTP/1.1" 404 156 "http://localhost:8000/" "Mozilla/5.0 (Windows NT 10.0; Win64; x64) AppleWebKit/537.36 (KHTML, like Gecko) Chrome/95.0.4638.69 Safari/537.36"
::1 - - [08/Nov/2021:13:29:02 +0000] "GET /css/home.css HTTP/1.1" 404 151 "http://localhost:8000/" "Mozilla/5.0 (Windows NT 10.0; Win64; x64) AppleWebKit/537.36 (KHTML, like Gecko) Chrome/95.0.4638.69 Safari/537.36"
::1 - - [08/Nov/2021:13:29:02 +0000] "GET /css/chatbox.css HTTP/1.1" 404 154 "http://localhost:8000/" "Mozilla/5.0 (Windows NT 10.0; Win64; x64) AppleWebKit/537.36 (KHTML, like Gecko) Chrome/95.0.4638.69 Safari/537.36"
::1 - - [08/Nov/2021:13:29:02 +0000] "GET /js/home_posts.js HTTP/1.1" 404 155 "http://localhost:8000/" "Mozilla/5.0 (Windows NT 10.0; Win64; x64) AppleWebKit/537.36 (KHTML, like Gecko) Chrome/95.0.4638.69 Safari/537.36"
::1 - - [08/Nov/2021:13:29:02 +0000] "GET /js/comments.js HTTP/1.1" 404 153 "http://localhost:8000/" "Mozilla/5.0 (Windows NT 10.0; Win64; x64) AppleWebKit/537.36 (KHTML, like Gecko) Chrome/95.0.4638.69 Safari/537.36"
::1 - - [08/Nov/2021:13:29:02 +0000] "GET /js/likes.js HTTP/1.1" 404 150 "http://localhost:8000/" "Mozilla/5.0 (Windows NT 10.0; Win64; x64) AppleWebKit/537.36 (KHTML, like Gecko) Chrome/95.0.4638.69 Safari/537.36"
::1 - - [08/Nov/2021:13:29:03 +0000] "GET /js/chat_engine.js HTTP/1.1" 404 156 "http://localhost:8000/" "Mozilla/5.0 (Windows NT 10.0; Win64; x64) AppleWebKit/537.36 (KHTML, like Gecko) Chrome/95.0.4638.69 Safari/537.36"
::1 - - [08/Nov/2021:13:29:05 +0000] "GET / HTTP/1.1" 304 - "http://localhost:8000/user/profile/618910dadb0f356149ea3b21" "Mozilla/5.0 (Windows NT 10.0; Win64; x64) AppleWebKit/537.36 (KHTML, like Gecko) Chrome/95.0.4638.69 Safari/537.36"
::1 - - [08/Nov/2021:13:29:05 +0000] "GET /css/main.css HTTP/1.1" 404 151 "http://localhost:8000/" "Mozilla/5.0 (Windows NT 10.0; Win64; x64) AppleWebKit/537.36 (KHTML, like Gecko) Chrome/95.0.4638.69 Safari/537.36"
::1 - - [08/Nov/2021:13:29:05 +0000] "GET /css/home.css HTTP/1.1" 404 151 "http://localhost:8000/" "Mozilla/5.0 (Windows NT 10.0; Win64; x64) AppleWebKit/537.36 (KHTML, like Gecko) Chrome/95.0.4638.69 Safari/537.36"
::1 - - [08/Nov/2021:13:29:05 +0000] "GET /css/chatbox.css HTTP/1.1" 404 154 "http://localhost:8000/" "Mozilla/5.0 (Windows NT 10.0; Win64; x64) AppleWebKit/537.36 (KHTML, like Gecko) Chrome/95.0.4638.69 Safari/537.36"
::1 - - [08/Nov/2021:13:29:05 +0000] "GET /js/home_posts.js HTTP/1.1" 404 155 "http://localhost:8000/" "Mozilla/5.0 (Windows NT 10.0; Win64; x64) AppleWebKit/537.36 (KHTML, like Gecko) Chrome/95.0.4638.69 Safari/537.36"
::1 - - [08/Nov/2021:13:29:05 +0000] "GET /js/comments.js HTTP/1.1" 404 153 "http://localhost:8000/" "Mozilla/5.0 (Windows NT 10.0; Win64; x64) AppleWebKit/537.36 (KHTML, like Gecko) Chrome/95.0.4638.69 Safari/537.36"
::1 - - [08/Nov/2021:13:29:05 +0000] "GET /js/likes.js HTTP/1.1" 404 150 "http://localhost:8000/" "Mozilla/5.0 (Windows NT 10.0; Win64; x64) AppleWebKit/537.36 (KHTML, like Gecko) Chrome/95.0.4638.69 Safari/537.36"
::1 - - [08/Nov/2021:13:29:05 +0000] "GET /js/chat_engine.js HTTP/1.1" 404 156 "http://localhost:8000/" "Mozilla/5.0 (Windows NT 10.0; Win64; x64) AppleWebKit/537.36 (KHTML, like Gecko) Chrome/95.0.4638.69 Safari/537.36"
::1 - - [08/Nov/2021:13:29:05 +0000] "GET /css/chatbox.css HTTP/1.1" 404 154 "http://localhost:8000/" "Mozilla/5.0 (Windows NT 10.0; Win64; x64) AppleWebKit/537.36 (KHTML, like Gecko) Chrome/95.0.4638.69 Safari/537.36"
::1 - - [08/Nov/2021:13:29:05 +0000] "GET /js/home_posts.js HTTP/1.1" 404 155 "http://localhost:8000/" "Mozilla/5.0 (Windows NT 10.0; Win64; x64) AppleWebKit/537.36 (KHTML, like Gecko) Chrome/95.0.4638.69 Safari/537.36"
::1 - - [08/Nov/2021:13:29:05 +0000] "GET /js/comments.js HTTP/1.1" 404 153 "http://localhost:8000/" "Mozilla/5.0 (Windows NT 10.0; Win64; x64) AppleWebKit/537.36 (KHTML, like Gecko) Chrome/95.0.4638.69 Safari/537.36"
::1 - - [08/Nov/2021:13:29:05 +0000] "GET /js/likes.js HTTP/1.1" 404 150 "http://localhost:8000/" "Mozilla/5.0 (Windows NT 10.0; Win64; x64) AppleWebKit/537.36 (KHTML, like Gecko) Chrome/95.0.4638.69 Safari/537.36"
::1 - - [08/Nov/2021:13:29:05 +0000] "GET /js/chat_engine.js HTTP/1.1" 404 156 "http://localhost:8000/" "Mozilla/5.0 (Windows NT 10.0; Win64; x64) AppleWebKit/537.36 (KHTML, like Gecko) Chrome/95.0.4638.69 Safari/537.36"
::1 - - [08/Nov/2021:13:29:07 +0000] "GET / HTTP/1.1" 304 - "http://localhost:8000/user/profile/618910dadb0f356149ea3b21" "Mozilla/5.0 (Windows NT 10.0; Win64; x64) AppleWebKit/537.36 (KHTML, like Gecko) Chrome/95.0.4638.69 Safari/537.36"
::1 - - [08/Nov/2021:13:29:07 +0000] "GET /css/main.css HTTP/1.1" 404 151 "http://localhost:8000/" "Mozilla/5.0 (Windows NT 10.0; Win64; x64) AppleWebKit/537.36 (KHTML, like Gecko) Chrome/95.0.4638.69 Safari/537.36"
::1 - - [08/Nov/2021:13:29:07 +0000] "GET /css/home.css HTTP/1.1" 404 151 "http://localhost:8000/" "Mozilla/5.0 (Windows NT 10.0; Win64; x64) AppleWebKit/537.36 (KHTML, like Gecko) Chrome/95.0.4638.69 Safari/537.36"
::1 - - [08/Nov/2021:13:29:07 +0000] "GET /css/chatbox.css HTTP/1.1" 404 154 "http://localhost:8000/" "Mozilla/5.0 (Windows NT 10.0; Win64; x64) AppleWebKit/537.36 (KHTML, like Gecko) Chrome/95.0.4638.69 Safari/537.36"
::1 - - [08/Nov/2021:13:29:07 +0000] "GET /js/home_posts.js HTTP/1.1" 404 155 "http://localhost:8000/" "Mozilla/5.0 (Windows NT 10.0; Win64; x64) AppleWebKit/537.36 (KHTML, like Gecko) Chrome/95.0.4638.69 Safari/537.36"
::1 - - [08/Nov/2021:13:29:07 +0000] "GET /js/comments.js HTTP/1.1" 404 153 "http://localhost:8000/" "Mozilla/5.0 (Windows NT 10.0; Win64; x64) AppleWebKit/537.36 (KHTML, like Gecko) Chrome/95.0.4638.69 Safari/537.36"
::1 - - [08/Nov/2021:13:29:07 +0000] "GET /js/likes.js HTTP/1.1" 404 150 "http://localhost:8000/" "Mozilla/5.0 (Windows NT 10.0; Win64; x64) AppleWebKit/537.36 (KHTML, like Gecko) Chrome/95.0.4638.69 Safari/537.36"
::1 - - [08/Nov/2021:13:29:07 +0000] "GET /js/chat_engine.js HTTP/1.1" 404 156 "http://localhost:8000/" "Mozilla/5.0 (Windows NT 10.0; Win64; x64) AppleWebKit/537.36 (KHTML, like Gecko) Chrome/95.0.4638.69 Safari/537.36"
::1 - - [08/Nov/2021:13:29:07 +0000] "GET / HTTP/1.1" 304 - "http://localhost:8000/user/profile/618910dadb0f356149ea3b21" "Mozilla/5.0 (Windows NT 10.0; Win64; x64) AppleWebKit/537.36 (KHTML, like Gecko) Chrome/95.0.4638.69 Safari/537.36"
::1 - - [08/Nov/2021:13:29:07 +0000] "GET /css/main.css HTTP/1.1" 404 151 "http://localhost:8000/" "Mozilla/5.0 (Windows NT 10.0; Win64; x64) AppleWebKit/537.36 (KHTML, like Gecko) Chrome/95.0.4638.69 Safari/537.36"
::1 - - [08/Nov/2021:13:29:07 +0000] "GET /css/home.css HTTP/1.1" 404 151 "http://localhost:8000/" "Mozilla/5.0 (Windows NT 10.0; Win64; x64) AppleWebKit/537.36 (KHTML, like Gecko) Chrome/95.0.4638.69 Safari/537.36"
::1 - - [08/Nov/2021:13:29:07 +0000] "GET /css/chatbox.css HTTP/1.1" 404 154 "http://localhost:8000/" "Mozilla/5.0 (Windows NT 10.0; Win64; x64) AppleWebKit/537.36 (KHTML, like Gecko) Chrome/95.0.4638.69 Safari/537.36"
::1 - - [08/Nov/2021:13:29:07 +0000] "GET /js/home_posts.js HTTP/1.1" 404 155 "http://localhost:8000/" "Mozilla/5.0 (Windows NT 10.0; Win64; x64) AppleWebKit/537.36 (KHTML, like Gecko) Chrome/95.0.4638.69 Safari/537.36"
::1 - - [08/Nov/2021:13:29:07 +0000] "GET /js/comments.js HTTP/1.1" 404 153 "http://localhost:8000/" "Mozilla/5.0 (Windows NT 10.0; Win64; x64) AppleWebKit/537.36 (KHTML, like Gecko) Chrome/95.0.4638.69 Safari/537.36"
::1 - - [08/Nov/2021:13:29:07 +0000] "GET /js/likes.js HTTP/1.1" 404 150 "http://localhost:8000/" "Mozilla/5.0 (Windows NT 10.0; Win64; x64) AppleWebKit/537.36 (KHTML, like Gecko) Chrome/95.0.4638.69 Safari/537.36"
::1 - - [08/Nov/2021:13:29:07 +0000] "GET /js/chat_engine.js HTTP/1.1" 404 156 "http://localhost:8000/" "Mozilla/5.0 (Windows NT 10.0; Win64; x64) AppleWebKit/537.36 (KHTML, like Gecko) Chrome/95.0.4638.69 Safari/537.36"
::1 - - [08/Nov/2021:13:29:07 +0000] "GET /css/chatbox.css HTTP/1.1" 404 154 "http://localhost:8000/" "Mozilla/5.0 (Windows NT 10.0; Win64; x64) AppleWebKit/537.36 (KHTML, like Gecko) Chrome/95.0.4638.69 Safari/537.36"
::1 - - [08/Nov/2021:13:29:07 +0000] "GET /js/home_posts.js HTTP/1.1" 404 155 "http://localhost:8000/" "Mozilla/5.0 (Windows NT 10.0; Win64; x64) AppleWebKit/537.36 (KHTML, like Gecko) Chrome/95.0.4638.69 Safari/537.36"
::1 - - [08/Nov/2021:13:29:07 +0000] "GET /js/comments.js HTTP/1.1" 404 153 "http://localhost:8000/" "Mozilla/5.0 (Windows NT 10.0; Win64; x64) AppleWebKit/537.36 (KHTML, like Gecko) Chrome/95.0.4638.69 Safari/537.36"
::1 - - [08/Nov/2021:13:29:08 +0000] "GET /js/likes.js HTTP/1.1" 404 150 "http://localhost:8000/" "Mozilla/5.0 (Windows NT 10.0; Win64; x64) AppleWebKit/537.36 (KHTML, like Gecko) Chrome/95.0.4638.69 Safari/537.36"
::1 - - [08/Nov/2021:13:29:08 +0000] "GET /js/chat_engine.js HTTP/1.1" 404 156 "http://localhost:8000/" "Mozilla/5.0 (Windows NT 10.0; Win64; x64) AppleWebKit/537.36 (KHTML, like Gecko) Chrome/95.0.4638.69 Safari/537.36"
::1 - - [08/Nov/2021:13:29:08 +0000] "GET / HTTP/1.1" 304 - "http://localhost:8000/user/profile/618910dadb0f356149ea3b21" "Mozilla/5.0 (Windows NT 10.0; Win64; x64) AppleWebKit/537.36 (KHTML, like Gecko) Chrome/95.0.4638.69 Safari/537.36"
::1 - - [08/Nov/2021:13:29:08 +0000] "GET /css/main.css HTTP/1.1" 404 151 "http://localhost:8000/" "Mozilla/5.0 (Windows NT 10.0; Win64; x64) AppleWebKit/537.36 (KHTML, like Gecko) Chrome/95.0.4638.69 Safari/537.36"
::1 - - [08/Nov/2021:13:29:08 +0000] "GET /css/home.css HTTP/1.1" 404 151 "http://localhost:8000/" "Mozilla/5.0 (Windows NT 10.0; Win64; x64) AppleWebKit/537.36 (KHTML, like Gecko) Chrome/95.0.4638.69 Safari/537.36"
::1 - - [08/Nov/2021:13:29:08 +0000] "GET /css/chatbox.css HTTP/1.1" 404 154 "http://localhost:8000/" "Mozilla/5.0 (Windows NT 10.0; Win64; x64) AppleWebKit/537.36 (KHTML, like Gecko) Chrome/95.0.4638.69 Safari/537.36"
::1 - - [08/Nov/2021:13:29:08 +0000] "GET /js/home_posts.js HTTP/1.1" 404 155 "http://localhost:8000/" "Mozilla/5.0 (Windows NT 10.0; Win64; x64) AppleWebKit/537.36 (KHTML, like Gecko) Chrome/95.0.4638.69 Safari/537.36"
::1 - - [08/Nov/2021:13:29:08 +0000] "GET /js/comments.js HTTP/1.1" 404 153 "http://localhost:8000/" "Mozilla/5.0 (Windows NT 10.0; Win64; x64) AppleWebKit/537.36 (KHTML, like Gecko) Chrome/95.0.4638.69 Safari/537.36"
::1 - - [08/Nov/2021:13:29:08 +0000] "GET /js/likes.js HTTP/1.1" 404 150 "http://localhost:8000/" "Mozilla/5.0 (Windows NT 10.0; Win64; x64) AppleWebKit/537.36 (KHTML, like Gecko) Chrome/95.0.4638.69 Safari/537.36"
::1 - - [08/Nov/2021:13:29:08 +0000] "GET /js/chat_engine.js HTTP/1.1" 404 156 "http://localhost:8000/" "Mozilla/5.0 (Windows NT 10.0; Win64; x64) AppleWebKit/537.36 (KHTML, like Gecko) Chrome/95.0.4638.69 Safari/537.36"
::1 - - [08/Nov/2021:13:29:09 +0000] "GET / HTTP/1.1" 304 - "http://localhost:8000/user/profile/618910dadb0f356149ea3b21" "Mozilla/5.0 (Windows NT 10.0; Win64; x64) AppleWebKit/537.36 (KHTML, like Gecko) Chrome/95.0.4638.69 Safari/537.36"
::1 - - [08/Nov/2021:13:29:09 +0000] "GET /css/main.css HTTP/1.1" 404 151 "http://localhost:8000/" "Mozilla/5.0 (Windows NT 10.0; Win64; x64) AppleWebKit/537.36 (KHTML, like Gecko) Chrome/95.0.4638.69 Safari/537.36"
::1 - - [08/Nov/2021:13:29:09 +0000] "GET /css/home.css HTTP/1.1" 404 151 "http://localhost:8000/" "Mozilla/5.0 (Windows NT 10.0; Win64; x64) AppleWebKit/537.36 (KHTML, like Gecko) Chrome/95.0.4638.69 Safari/537.36"
::1 - - [08/Nov/2021:13:29:09 +0000] "GET /css/chatbox.css HTTP/1.1" 404 154 "http://localhost:8000/" "Mozilla/5.0 (Windows NT 10.0; Win64; x64) AppleWebKit/537.36 (KHTML, like Gecko) Chrome/95.0.4638.69 Safari/537.36"
::1 - - [08/Nov/2021:13:29:09 +0000] "GET /js/home_posts.js HTTP/1.1" 404 155 "http://localhost:8000/" "Mozilla/5.0 (Windows NT 10.0; Win64; x64) AppleWebKit/537.36 (KHTML, like Gecko) Chrome/95.0.4638.69 Safari/537.36"
::1 - - [08/Nov/2021:13:29:09 +0000] "GET /js/comments.js HTTP/1.1" 404 153 "http://localhost:8000/" "Mozilla/5.0 (Windows NT 10.0; Win64; x64) AppleWebKit/537.36 (KHTML, like Gecko) Chrome/95.0.4638.69 Safari/537.36"
::1 - - [08/Nov/2021:13:29:09 +0000] "GET /js/likes.js HTTP/1.1" 404 150 "http://localhost:8000/" "Mozilla/5.0 (Windows NT 10.0; Win64; x64) AppleWebKit/537.36 (KHTML, like Gecko) Chrome/95.0.4638.69 Safari/537.36"
::1 - - [08/Nov/2021:13:29:09 +0000] "GET /js/chat_engine.js HTTP/1.1" 404 156 "http://localhost:8000/" "Mozilla/5.0 (Windows NT 10.0; Win64; x64) AppleWebKit/537.36 (KHTML, like Gecko) Chrome/95.0.4638.69 Safari/537.36"
::1 - - [08/Nov/2021:13:29:09 +0000] "GET /css/home.css HTTP/1.1" 404 151 "http://localhost:8000/" "Mozilla/5.0 (Windows NT 10.0; Win64; x64) AppleWebKit/537.36 (KHTML, like Gecko) Chrome/95.0.4638.69 Safari/537.36"
::1 - - [08/Nov/2021:13:29:09 +0000] "GET /css/chatbox.css HTTP/1.1" 404 154 "http://localhost:8000/" "Mozilla/5.0 (Windows NT 10.0; Win64; x64) AppleWebKit/537.36 (KHTML, like Gecko) Chrome/95.0.4638.69 Safari/537.36"
::1 - - [08/Nov/2021:13:29:09 +0000] "GET /js/home_posts.js HTTP/1.1" 404 155 "http://localhost:8000/" "Mozilla/5.0 (Windows NT 10.0; Win64; x64) AppleWebKit/537.36 (KHTML, like Gecko) Chrome/95.0.4638.69 Safari/537.36"
::1 - - [08/Nov/2021:13:29:09 +0000] "GET /js/comments.js HTTP/1.1" 404 153 "http://localhost:8000/" "Mozilla/5.0 (Windows NT 10.0; Win64; x64) AppleWebKit/537.36 (KHTML, like Gecko) Chrome/95.0.4638.69 Safari/537.36"
::1 - - [08/Nov/2021:13:29:09 +0000] "GET /js/likes.js HTTP/1.1" 404 150 "http://localhost:8000/" "Mozilla/5.0 (Windows NT 10.0; Win64; x64) AppleWebKit/537.36 (KHTML, like Gecko) Chrome/95.0.4638.69 Safari/537.36"
::1 - - [08/Nov/2021:13:29:09 +0000] "GET /js/chat_engine.js HTTP/1.1" 404 156 "http://localhost:8000/" "Mozilla/5.0 (Windows NT 10.0; Win64; x64) AppleWebKit/537.36 (KHTML, like Gecko) Chrome/95.0.4638.69 Safari/537.36"
::1 - - [08/Nov/2021:13:30:56 +0000] "GET / HTTP/1.1" 304 - "http://localhost:8000/user/profile/618910dadb0f356149ea3b21" "Mozilla/5.0 (Windows NT 10.0; Win64; x64) AppleWebKit/537.36 (KHTML, like Gecko) Chrome/95.0.4638.69 Safari/537.36"
::1 - - [08/Nov/2021:13:30:56 +0000] "GET /css/main.css HTTP/1.1" 404 151 "http://localhost:8000/" "Mozilla/5.0 (Windows NT 10.0; Win64; x64) AppleWebKit/537.36 (KHTML, like Gecko) Chrome/95.0.4638.69 Safari/537.36"
::1 - - [08/Nov/2021:13:30:56 +0000] "GET /css/home.css HTTP/1.1" 404 151 "http://localhost:8000/" "Mozilla/5.0 (Windows NT 10.0; Win64; x64) AppleWebKit/537.36 (KHTML, like Gecko) Chrome/95.0.4638.69 Safari/537.36"
::1 - - [08/Nov/2021:13:30:56 +0000] "GET /css/chatbox.css HTTP/1.1" 404 154 "http://localhost:8000/" "Mozilla/5.0 (Windows NT 10.0; Win64; x64) AppleWebKit/537.36 (KHTML, like Gecko) Chrome/95.0.4638.69 Safari/537.36"
::1 - - [08/Nov/2021:13:30:56 +0000] "GET /js/home_posts.js HTTP/1.1" 404 155 "http://localhost:8000/" "Mozilla/5.0 (Windows NT 10.0; Win64; x64) AppleWebKit/537.36 (KHTML, like Gecko) Chrome/95.0.4638.69 Safari/537.36"
::1 - - [08/Nov/2021:13:30:56 +0000] "GET /js/comments.js HTTP/1.1" 404 153 "http://localhost:8000/" "Mozilla/5.0 (Windows NT 10.0; Win64; x64) AppleWebKit/537.36 (KHTML, like Gecko) Chrome/95.0.4638.69 Safari/537.36"
::1 - - [08/Nov/2021:13:30:56 +0000] "GET /js/likes.js HTTP/1.1" 404 150 "http://localhost:8000/" "Mozilla/5.0 (Windows NT 10.0; Win64; x64) AppleWebKit/537.36 (KHTML, like Gecko) Chrome/95.0.4638.69 Safari/537.36"
::1 - - [08/Nov/2021:13:30:56 +0000] "GET /js/chat_engine.js HTTP/1.1" 404 156 "http://localhost:8000/" "Mozilla/5.0 (Windows NT 10.0; Win64; x64) AppleWebKit/537.36 (KHTML, like Gecko) Chrome/95.0.4638.69 Safari/537.36"
::1 - - [08/Nov/2021:13:30:56 +0000] "GET /css/home.css HTTP/1.1" 404 151 "http://localhost:8000/" "Mozilla/5.0 (Windows NT 10.0; Win64; x64) AppleWebKit/537.36 (KHTML, like Gecko) Chrome/95.0.4638.69 Safari/537.36"
::1 - - [08/Nov/2021:13:30:56 +0000] "GET /css/chatbox.css HTTP/1.1" 404 154 "http://localhost:8000/" "Mozilla/5.0 (Windows NT 10.0; Win64; x64) AppleWebKit/537.36 (KHTML, like Gecko) Chrome/95.0.4638.69 Safari/537.36"
::1 - - [08/Nov/2021:13:30:56 +0000] "GET /js/home_posts.js HTTP/1.1" 404 155 "http://localhost:8000/" "Mozilla/5.0 (Windows NT 10.0; Win64; x64) AppleWebKit/537.36 (KHTML, like Gecko) Chrome/95.0.4638.69 Safari/537.36"
::1 - - [08/Nov/2021:13:30:56 +0000] "GET /js/comments.js HTTP/1.1" 404 153 "http://localhost:8000/" "Mozilla/5.0 (Windows NT 10.0; Win64; x64) AppleWebKit/537.36 (KHTML, like Gecko) Chrome/95.0.4638.69 Safari/537.36"
::1 - - [08/Nov/2021:13:30:57 +0000] "GET /js/likes.js HTTP/1.1" 404 150 "http://localhost:8000/" "Mozilla/5.0 (Windows NT 10.0; Win64; x64) AppleWebKit/537.36 (KHTML, like Gecko) Chrome/95.0.4638.69 Safari/537.36"
::1 - - [08/Nov/2021:13:30:57 +0000] "GET /js/chat_engine.js HTTP/1.1" 404 156 "http://localhost:8000/" "Mozilla/5.0 (Windows NT 10.0; Win64; x64) AppleWebKit/537.36 (KHTML, like Gecko) Chrome/95.0.4638.69 Safari/537.36"
::1 - - [08/Nov/2021:13:30:57 +0000] "GET / HTTP/1.1" 304 - "http://localhost:8000/user/profile/618910dadb0f356149ea3b21" "Mozilla/5.0 (Windows NT 10.0; Win64; x64) AppleWebKit/537.36 (KHTML, like Gecko) Chrome/95.0.4638.69 Safari/537.36"
::1 - - [08/Nov/2021:13:30:57 +0000] "GET /css/main.css HTTP/1.1" 404 151 "http://localhost:8000/" "Mozilla/5.0 (Windows NT 10.0; Win64; x64) AppleWebKit/537.36 (KHTML, like Gecko) Chrome/95.0.4638.69 Safari/537.36"
::1 - - [08/Nov/2021:13:30:57 +0000] "GET /css/home.css HTTP/1.1" 404 151 "http://localhost:8000/" "Mozilla/5.0 (Windows NT 10.0; Win64; x64) AppleWebKit/537.36 (KHTML, like Gecko) Chrome/95.0.4638.69 Safari/537.36"
::1 - - [08/Nov/2021:13:30:57 +0000] "GET /css/chatbox.css HTTP/1.1" 404 154 "http://localhost:8000/" "Mozilla/5.0 (Windows NT 10.0; Win64; x64) AppleWebKit/537.36 (KHTML, like Gecko) Chrome/95.0.4638.69 Safari/537.36"
::1 - - [08/Nov/2021:13:30:57 +0000] "GET /js/home_posts.js HTTP/1.1" 404 155 "http://localhost:8000/" "Mozilla/5.0 (Windows NT 10.0; Win64; x64) AppleWebKit/537.36 (KHTML, like Gecko) Chrome/95.0.4638.69 Safari/537.36"
::1 - - [08/Nov/2021:13:30:57 +0000] "GET /js/comments.js HTTP/1.1" 404 153 "http://localhost:8000/" "Mozilla/5.0 (Windows NT 10.0; Win64; x64) AppleWebKit/537.36 (KHTML, like Gecko) Chrome/95.0.4638.69 Safari/537.36"
::1 - - [08/Nov/2021:13:30:57 +0000] "GET /js/likes.js HTTP/1.1" 404 150 "http://localhost:8000/" "Mozilla/5.0 (Windows NT 10.0; Win64; x64) AppleWebKit/537.36 (KHTML, like Gecko) Chrome/95.0.4638.69 Safari/537.36"
::1 - - [08/Nov/2021:13:30:57 +0000] "GET /js/chat_engine.js HTTP/1.1" 404 156 "http://localhost:8000/" "Mozilla/5.0 (Windows NT 10.0; Win64; x64) AppleWebKit/537.36 (KHTML, like Gecko) Chrome/95.0.4638.69 Safari/537.36"
::1 - - [08/Nov/2021:13:30:58 +0000] "GET / HTTP/1.1" 304 - "http://localhost:8000/user/profile/618910dadb0f356149ea3b21" "Mozilla/5.0 (Windows NT 10.0; Win64; x64) AppleWebKit/537.36 (KHTML, like Gecko) Chrome/95.0.4638.69 Safari/537.36"
::1 - - [08/Nov/2021:13:30:58 +0000] "GET /css/main.css HTTP/1.1" 404 151 "http://localhost:8000/" "Mozilla/5.0 (Windows NT 10.0; Win64; x64) AppleWebKit/537.36 (KHTML, like Gecko) Chrome/95.0.4638.69 Safari/537.36"
::1 - - [08/Nov/2021:13:30:58 +0000] "GET /css/home.css HTTP/1.1" 404 151 "http://localhost:8000/" "Mozilla/5.0 (Windows NT 10.0; Win64; x64) AppleWebKit/537.36 (KHTML, like Gecko) Chrome/95.0.4638.69 Safari/537.36"
::1 - - [08/Nov/2021:13:30:58 +0000] "GET /css/chatbox.css HTTP/1.1" 404 154 "http://localhost:8000/" "Mozilla/5.0 (Windows NT 10.0; Win64; x64) AppleWebKit/537.36 (KHTML, like Gecko) Chrome/95.0.4638.69 Safari/537.36"
::1 - - [08/Nov/2021:13:30:58 +0000] "GET /js/home_posts.js HTTP/1.1" 404 155 "http://localhost:8000/" "Mozilla/5.0 (Windows NT 10.0; Win64; x64) AppleWebKit/537.36 (KHTML, like Gecko) Chrome/95.0.4638.69 Safari/537.36"
::1 - - [08/Nov/2021:13:30:58 +0000] "GET /js/comments.js HTTP/1.1" 404 153 "http://localhost:8000/" "Mozilla/5.0 (Windows NT 10.0; Win64; x64) AppleWebKit/537.36 (KHTML, like Gecko) Chrome/95.0.4638.69 Safari/537.36"
::1 - - [08/Nov/2021:13:30:58 +0000] "GET /js/likes.js HTTP/1.1" 404 150 "http://localhost:8000/" "Mozilla/5.0 (Windows NT 10.0; Win64; x64) AppleWebKit/537.36 (KHTML, like Gecko) Chrome/95.0.4638.69 Safari/537.36"
::1 - - [08/Nov/2021:13:30:58 +0000] "GET /js/chat_engine.js HTTP/1.1" 404 156 "http://localhost:8000/" "Mozilla/5.0 (Windows NT 10.0; Win64; x64) AppleWebKit/537.36 (KHTML, like Gecko) Chrome/95.0.4638.69 Safari/537.36"
::1 - - [08/Nov/2021:13:30:59 +0000] "GET / HTTP/1.1" 304 - "http://localhost:8000/user/profile/618910dadb0f356149ea3b21" "Mozilla/5.0 (Windows NT 10.0; Win64; x64) AppleWebKit/537.36 (KHTML, like Gecko) Chrome/95.0.4638.69 Safari/537.36"
::1 - - [08/Nov/2021:13:30:59 +0000] "GET /css/main.css HTTP/1.1" 404 151 "http://localhost:8000/" "Mozilla/5.0 (Windows NT 10.0; Win64; x64) AppleWebKit/537.36 (KHTML, like Gecko) Chrome/95.0.4638.69 Safari/537.36"
::1 - - [08/Nov/2021:13:30:59 +0000] "GET /css/home.css HTTP/1.1" 404 151 "http://localhost:8000/" "Mozilla/5.0 (Windows NT 10.0; Win64; x64) AppleWebKit/537.36 (KHTML, like Gecko) Chrome/95.0.4638.69 Safari/537.36"
::1 - - [08/Nov/2021:13:30:59 +0000] "GET /css/chatbox.css HTTP/1.1" 404 154 "http://localhost:8000/" "Mozilla/5.0 (Windows NT 10.0; Win64; x64) AppleWebKit/537.36 (KHTML, like Gecko) Chrome/95.0.4638.69 Safari/537.36"
::1 - - [08/Nov/2021:13:30:59 +0000] "GET /js/home_posts.js HTTP/1.1" 404 155 "http://localhost:8000/" "Mozilla/5.0 (Windows NT 10.0; Win64; x64) AppleWebKit/537.36 (KHTML, like Gecko) Chrome/95.0.4638.69 Safari/537.36"
::1 - - [08/Nov/2021:13:30:59 +0000] "GET /js/comments.js HTTP/1.1" 404 153 "http://localhost:8000/" "Mozilla/5.0 (Windows NT 10.0; Win64; x64) AppleWebKit/537.36 (KHTML, like Gecko) Chrome/95.0.4638.69 Safari/537.36"
::1 - - [08/Nov/2021:13:30:59 +0000] "GET /js/likes.js HTTP/1.1" 404 150 "http://localhost:8000/" "Mozilla/5.0 (Windows NT 10.0; Win64; x64) AppleWebKit/537.36 (KHTML, like Gecko) Chrome/95.0.4638.69 Safari/537.36"
::1 - - [08/Nov/2021:13:30:59 +0000] "GET /js/chat_engine.js HTTP/1.1" 404 156 "http://localhost:8000/" "Mozilla/5.0 (Windows NT 10.0; Win64; x64) AppleWebKit/537.36 (KHTML, like Gecko) Chrome/95.0.4638.69 Safari/537.36"
::1 - - [08/Nov/2021:13:30:59 +0000] "GET /css/chatbox.css HTTP/1.1" 404 154 "http://localhost:8000/" "Mozilla/5.0 (Windows NT 10.0; Win64; x64) AppleWebKit/537.36 (KHTML, like Gecko) Chrome/95.0.4638.69 Safari/537.36"
::1 - - [08/Nov/2021:13:30:59 +0000] "GET /js/home_posts.js HTTP/1.1" 404 155 "http://localhost:8000/" "Mozilla/5.0 (Windows NT 10.0; Win64; x64) AppleWebKit/537.36 (KHTML, like Gecko) Chrome/95.0.4638.69 Safari/537.36"
::1 - - [08/Nov/2021:13:30:59 +0000] "GET /js/comments.js HTTP/1.1" 404 153 "http://localhost:8000/" "Mozilla/5.0 (Windows NT 10.0; Win64; x64) AppleWebKit/537.36 (KHTML, like Gecko) Chrome/95.0.4638.69 Safari/537.36"
::1 - - [08/Nov/2021:13:30:59 +0000] "GET /js/likes.js HTTP/1.1" 404 150 "http://localhost:8000/" "Mozilla/5.0 (Windows NT 10.0; Win64; x64) AppleWebKit/537.36 (KHTML, like Gecko) Chrome/95.0.4638.69 Safari/537.36"
::1 - - [08/Nov/2021:13:30:59 +0000] "GET /js/chat_engine.js HTTP/1.1" 404 156 "http://localhost:8000/" "Mozilla/5.0 (Windows NT 10.0; Win64; x64) AppleWebKit/537.36 (KHTML, like Gecko) Chrome/95.0.4638.69 Safari/537.36"
::1 - - [08/Nov/2021:13:30:59 +0000] "GET / HTTP/1.1" 304 - "http://localhost:8000/user/profile/618910dadb0f356149ea3b21" "Mozilla/5.0 (Windows NT 10.0; Win64; x64) AppleWebKit/537.36 (KHTML, like Gecko) Chrome/95.0.4638.69 Safari/537.36"
::1 - - [08/Nov/2021:13:30:59 +0000] "GET /css/main.css HTTP/1.1" 404 151 "http://localhost:8000/" "Mozilla/5.0 (Windows NT 10.0; Win64; x64) AppleWebKit/537.36 (KHTML, like Gecko) Chrome/95.0.4638.69 Safari/537.36"
::1 - - [08/Nov/2021:13:30:59 +0000] "GET /css/home.css HTTP/1.1" 404 151 "http://localhost:8000/" "Mozilla/5.0 (Windows NT 10.0; Win64; x64) AppleWebKit/537.36 (KHTML, like Gecko) Chrome/95.0.4638.69 Safari/537.36"
::1 - - [08/Nov/2021:13:30:59 +0000] "GET /css/chatbox.css HTTP/1.1" 404 154 "http://localhost:8000/" "Mozilla/5.0 (Windows NT 10.0; Win64; x64) AppleWebKit/537.36 (KHTML, like Gecko) Chrome/95.0.4638.69 Safari/537.36"
::1 - - [08/Nov/2021:13:30:59 +0000] "GET /js/home_posts.js HTTP/1.1" 404 155 "http://localhost:8000/" "Mozilla/5.0 (Windows NT 10.0; Win64; x64) AppleWebKit/537.36 (KHTML, like Gecko) Chrome/95.0.4638.69 Safari/537.36"
::1 - - [08/Nov/2021:13:30:59 +0000] "GET /js/comments.js HTTP/1.1" 404 153 "http://localhost:8000/" "Mozilla/5.0 (Windows NT 10.0; Win64; x64) AppleWebKit/537.36 (KHTML, like Gecko) Chrome/95.0.4638.69 Safari/537.36"
::1 - - [08/Nov/2021:13:30:59 +0000] "GET /js/likes.js HTTP/1.1" 404 150 "http://localhost:8000/" "Mozilla/5.0 (Windows NT 10.0; Win64; x64) AppleWebKit/537.36 (KHTML, like Gecko) Chrome/95.0.4638.69 Safari/537.36"
::1 - - [08/Nov/2021:13:30:59 +0000] "GET /js/chat_engine.js HTTP/1.1" 404 156 "http://localhost:8000/" "Mozilla/5.0 (Windows NT 10.0; Win64; x64) AppleWebKit/537.36 (KHTML, like Gecko) Chrome/95.0.4638.69 Safari/537.36"
::1 - - [08/Nov/2021:13:30:59 +0000] "GET /css/chatbox.css HTTP/1.1" 404 154 "http://localhost:8000/" "Mozilla/5.0 (Windows NT 10.0; Win64; x64) AppleWebKit/537.36 (KHTML, like Gecko) Chrome/95.0.4638.69 Safari/537.36"
::1 - - [08/Nov/2021:13:30:59 +0000] "GET /js/home_posts.js HTTP/1.1" 404 155 "http://localhost:8000/" "Mozilla/5.0 (Windows NT 10.0; Win64; x64) AppleWebKit/537.36 (KHTML, like Gecko) Chrome/95.0.4638.69 Safari/537.36"
::1 - - [08/Nov/2021:13:30:59 +0000] "GET /js/comments.js HTTP/1.1" 404 153 "http://localhost:8000/" "Mozilla/5.0 (Windows NT 10.0; Win64; x64) AppleWebKit/537.36 (KHTML, like Gecko) Chrome/95.0.4638.69 Safari/537.36"
::1 - - [08/Nov/2021:13:30:59 +0000] "GET /js/likes.js HTTP/1.1" 404 150 "http://localhost:8000/" "Mozilla/5.0 (Windows NT 10.0; Win64; x64) AppleWebKit/537.36 (KHTML, like Gecko) Chrome/95.0.4638.69 Safari/537.36"
::1 - - [08/Nov/2021:13:30:59 +0000] "GET /js/chat_engine.js HTTP/1.1" 404 156 "http://localhost:8000/" "Mozilla/5.0 (Windows NT 10.0; Win64; x64) AppleWebKit/537.36 (KHTML, like Gecko) Chrome/95.0.4638.69 Safari/537.36"
::1 - - [08/Nov/2021:16:50:48 +0000] "GET / HTTP/1.1" 500 1432 "http://localhost:8000/user/profile/618910dadb0f356149ea3b21" "Mozilla/5.0 (Windows NT 10.0; Win64; x64) AppleWebKit/537.36 (KHTML, like Gecko) Chrome/95.0.4638.69 Safari/537.36"
::1 - - [08/Nov/2021:16:51:19 +0000] "GET / HTTP/1.1" 200 5495 "http://localhost:8000/user/profile/618910dadb0f356149ea3b21" "Mozilla/5.0 (Windows NT 10.0; Win64; x64) AppleWebKit/537.36 (KHTML, like Gecko) Chrome/95.0.4638.69 Safari/537.36"
::1 - - [08/Nov/2021:16:51:19 +0000] "GET /css/home.css HTTP/1.1" 404 151 "http://localhost:8000/" "Mozilla/5.0 (Windows NT 10.0; Win64; x64) AppleWebKit/537.36 (KHTML, like Gecko) Chrome/95.0.4638.69 Safari/537.36"
::1 - - [08/Nov/2021:16:51:19 +0000] "GET /css/chatbox.css HTTP/1.1" 404 154 "http://localhost:8000/" "Mozilla/5.0 (Windows NT 10.0; Win64; x64) AppleWebKit/537.36 (KHTML, like Gecko) Chrome/95.0.4638.69 Safari/537.36"
::1 - - [08/Nov/2021:16:51:19 +0000] "GET /js/home_posts.js HTTP/1.1" 404 155 "http://localhost:8000/" "Mozilla/5.0 (Windows NT 10.0; Win64; x64) AppleWebKit/537.36 (KHTML, like Gecko) Chrome/95.0.4638.69 Safari/537.36"
::1 - - [08/Nov/2021:16:51:19 +0000] "GET /js/likes.js HTTP/1.1" 404 150 "http://localhost:8000/" "Mozilla/5.0 (Windows NT 10.0; Win64; x64) AppleWebKit/537.36 (KHTML, like Gecko) Chrome/95.0.4638.69 Safari/537.36"
::1 - - [08/Nov/2021:16:51:19 +0000] "GET /js/comments.js HTTP/1.1" 404 153 "http://localhost:8000/" "Mozilla/5.0 (Windows NT 10.0; Win64; x64) AppleWebKit/537.36 (KHTML, like Gecko) Chrome/95.0.4638.69 Safari/537.36"
::1 - - [08/Nov/2021:16:51:19 +0000] "GET /js/chat_engine.js HTTP/1.1" 404 156 "http://localhost:8000/" "Mozilla/5.0 (Windows NT 10.0; Win64; x64) AppleWebKit/537.36 (KHTML, like Gecko) Chrome/95.0.4638.69 Safari/537.36"
::1 - - [08/Nov/2021:16:51:19 +0000] "GET /css/chatbox.css HTTP/1.1" 404 154 "http://localhost:8000/" "Mozilla/5.0 (Windows NT 10.0; Win64; x64) AppleWebKit/537.36 (KHTML, like Gecko) Chrome/95.0.4638.69 Safari/537.36"
::1 - - [08/Nov/2021:16:51:19 +0000] "GET /js/home_posts.js HTTP/1.1" 404 155 "http://localhost:8000/" "Mozilla/5.0 (Windows NT 10.0; Win64; x64) AppleWebKit/537.36 (KHTML, like Gecko) Chrome/95.0.4638.69 Safari/537.36"
::1 - - [08/Nov/2021:16:51:19 +0000] "GET /js/comments.js HTTP/1.1" 404 153 "http://localhost:8000/" "Mozilla/5.0 (Windows NT 10.0; Win64; x64) AppleWebKit/537.36 (KHTML, like Gecko) Chrome/95.0.4638.69 Safari/537.36"
::1 - - [08/Nov/2021:16:51:19 +0000] "GET /js/likes.js HTTP/1.1" 404 150 "http://localhost:8000/" "Mozilla/5.0 (Windows NT 10.0; Win64; x64) AppleWebKit/537.36 (KHTML, like Gecko) Chrome/95.0.4638.69 Safari/537.36"
::1 - - [08/Nov/2021:16:51:20 +0000] "GET /js/chat_engine.js HTTP/1.1" 404 156 "http://localhost:8000/" "Mozilla/5.0 (Windows NT 10.0; Win64; x64) AppleWebKit/537.36 (KHTML, like Gecko) Chrome/95.0.4638.69 Safari/537.36"
::1 - - [08/Nov/2021:16:51:24 +0000] "GET /css/home.css HTTP/1.1" 404 151 "http://localhost:8000/" "Mozilla/5.0 (Windows NT 10.0; Win64; x64) AppleWebKit/537.36 (KHTML, like Gecko) Chrome/95.0.4638.69 Safari/537.36"
::1 - - [08/Nov/2021:16:51:24 +0000] "GET /css/chatbox.css HTTP/1.1" 404 154 "http://localhost:8000/" "Mozilla/5.0 (Windows NT 10.0; Win64; x64) AppleWebKit/537.36 (KHTML, like Gecko) Chrome/95.0.4638.69 Safari/537.36"
::1 - - [08/Nov/2021:16:51:35 +0000] "GET / HTTP/1.1" 304 - "http://localhost:8000/user/profile/618910dadb0f356149ea3b21" "Mozilla/5.0 (Windows NT 10.0; Win64; x64) AppleWebKit/537.36 (KHTML, like Gecko) Chrome/95.0.4638.69 Safari/537.36"
::1 - - [08/Nov/2021:16:51:35 +0000] "GET /css/home.css HTTP/1.1" 404 151 "http://localhost:8000/" "Mozilla/5.0 (Windows NT 10.0; Win64; x64) AppleWebKit/537.36 (KHTML, like Gecko) Chrome/95.0.4638.69 Safari/537.36"
::1 - - [08/Nov/2021:16:51:35 +0000] "GET /css/chatbox.css HTTP/1.1" 404 154 "http://localhost:8000/" "Mozilla/5.0 (Windows NT 10.0; Win64; x64) AppleWebKit/537.36 (KHTML, like Gecko) Chrome/95.0.4638.69 Safari/537.36"
::1 - - [08/Nov/2021:16:51:35 +0000] "GET /js/home_posts.js HTTP/1.1" 404 155 "http://localhost:8000/" "Mozilla/5.0 (Windows NT 10.0; Win64; x64) AppleWebKit/537.36 (KHTML, like Gecko) Chrome/95.0.4638.69 Safari/537.36"
::1 - - [08/Nov/2021:16:51:35 +0000] "GET /js/comments.js HTTP/1.1" 404 153 "http://localhost:8000/" "Mozilla/5.0 (Windows NT 10.0; Win64; x64) AppleWebKit/537.36 (KHTML, like Gecko) Chrome/95.0.4638.69 Safari/537.36"
::1 - - [08/Nov/2021:16:51:35 +0000] "GET /js/likes.js HTTP/1.1" 404 150 "http://localhost:8000/" "Mozilla/5.0 (Windows NT 10.0; Win64; x64) AppleWebKit/537.36 (KHTML, like Gecko) Chrome/95.0.4638.69 Safari/537.36"
::1 - - [08/Nov/2021:16:51:35 +0000] "GET /js/chat_engine.js HTTP/1.1" 404 156 "http://localhost:8000/" "Mozilla/5.0 (Windows NT 10.0; Win64; x64) AppleWebKit/537.36 (KHTML, like Gecko) Chrome/95.0.4638.69 Safari/537.36"
::1 - - [08/Nov/2021:16:51:35 +0000] "GET /css/home.css HTTP/1.1" 404 151 "http://localhost:8000/" "Mozilla/5.0 (Windows NT 10.0; Win64; x64) AppleWebKit/537.36 (KHTML, like Gecko) Chrome/95.0.4638.69 Safari/537.36"
::1 - - [08/Nov/2021:16:51:35 +0000] "GET /css/chatbox.css HTTP/1.1" 404 154 "http://localhost:8000/" "Mozilla/5.0 (Windows NT 10.0; Win64; x64) AppleWebKit/537.36 (KHTML, like Gecko) Chrome/95.0.4638.69 Safari/537.36"
::1 - - [08/Nov/2021:16:51:35 +0000] "GET /js/home_posts.js HTTP/1.1" 404 155 "http://localhost:8000/" "Mozilla/5.0 (Windows NT 10.0; Win64; x64) AppleWebKit/537.36 (KHTML, like Gecko) Chrome/95.0.4638.69 Safari/537.36"
::1 - - [08/Nov/2021:16:51:35 +0000] "GET /js/comments.js HTTP/1.1" 404 153 "http://localhost:8000/" "Mozilla/5.0 (Windows NT 10.0; Win64; x64) AppleWebKit/537.36 (KHTML, like Gecko) Chrome/95.0.4638.69 Safari/537.36"
::1 - - [08/Nov/2021:16:51:35 +0000] "GET /js/likes.js HTTP/1.1" 404 150 "http://localhost:8000/" "Mozilla/5.0 (Windows NT 10.0; Win64; x64) AppleWebKit/537.36 (KHTML, like Gecko) Chrome/95.0.4638.69 Safari/537.36"
::1 - - [08/Nov/2021:16:51:36 +0000] "GET /js/chat_engine.js HTTP/1.1" 404 156 "http://localhost:8000/" "Mozilla/5.0 (Windows NT 10.0; Win64; x64) AppleWebKit/537.36 (KHTML, like Gecko) Chrome/95.0.4638.69 Safari/537.36"
::1 - - [08/Nov/2021:16:53:06 +0000] "GET / HTTP/1.1" 200 5482 "http://localhost:8000/user/profile/618910dadb0f356149ea3b21" "Mozilla/5.0 (Windows NT 10.0; Win64; x64) AppleWebKit/537.36 (KHTML, like Gecko) Chrome/95.0.4638.69 Safari/537.36"
::1 - - [08/Nov/2021:16:53:06 +0000] "GET /css/chatbox.css HTTP/1.1" 404 154 "http://localhost:8000/" "Mozilla/5.0 (Windows NT 10.0; Win64; x64) AppleWebKit/537.36 (KHTML, like Gecko) Chrome/95.0.4638.69 Safari/537.36"
::1 - - [08/Nov/2021:16:53:06 +0000] "GET /js/home_posts.js HTTP/1.1" 404 155 "http://localhost:8000/" "Mozilla/5.0 (Windows NT 10.0; Win64; x64) AppleWebKit/537.36 (KHTML, like Gecko) Chrome/95.0.4638.69 Safari/537.36"
::1 - - [08/Nov/2021:16:53:06 +0000] "GET /js/comments.js HTTP/1.1" 404 153 "http://localhost:8000/" "Mozilla/5.0 (Windows NT 10.0; Win64; x64) AppleWebKit/537.36 (KHTML, like Gecko) Chrome/95.0.4638.69 Safari/537.36"
::1 - - [08/Nov/2021:16:53:06 +0000] "GET /js/likes.js HTTP/1.1" 404 150 "http://localhost:8000/" "Mozilla/5.0 (Windows NT 10.0; Win64; x64) AppleWebKit/537.36 (KHTML, like Gecko) Chrome/95.0.4638.69 Safari/537.36"
::1 - - [08/Nov/2021:16:53:06 +0000] "GET /js/chat_engine.js HTTP/1.1" 404 156 "http://localhost:8000/" "Mozilla/5.0 (Windows NT 10.0; Win64; x64) AppleWebKit/537.36 (KHTML, like Gecko) Chrome/95.0.4638.69 Safari/537.36"
::1 - - [08/Nov/2021:16:53:06 +0000] "GET /js/home_posts.js HTTP/1.1" 404 155 "http://localhost:8000/" "Mozilla/5.0 (Windows NT 10.0; Win64; x64) AppleWebKit/537.36 (KHTML, like Gecko) Chrome/95.0.4638.69 Safari/537.36"
::1 - - [08/Nov/2021:16:53:06 +0000] "GET /js/comments.js HTTP/1.1" 404 153 "http://localhost:8000/" "Mozilla/5.0 (Windows NT 10.0; Win64; x64) AppleWebKit/537.36 (KHTML, like Gecko) Chrome/95.0.4638.69 Safari/537.36"
::1 - - [08/Nov/2021:16:53:06 +0000] "GET /js/likes.js HTTP/1.1" 404 150 "http://localhost:8000/" "Mozilla/5.0 (Windows NT 10.0; Win64; x64) AppleWebKit/537.36 (KHTML, like Gecko) Chrome/95.0.4638.69 Safari/537.36"
::1 - - [08/Nov/2021:16:53:06 +0000] "GET /js/chat_engine.js HTTP/1.1" 404 156 "http://localhost:8000/" "Mozilla/5.0 (Windows NT 10.0; Win64; x64) AppleWebKit/537.36 (KHTML, like Gecko) Chrome/95.0.4638.69 Safari/537.36"
::1 - - [08/Nov/2021:16:54:02 +0000] "GET / HTTP/1.1" 200 5465 "http://localhost:8000/user/profile/618910dadb0f356149ea3b21" "Mozilla/5.0 (Windows NT 10.0; Win64; x64) AppleWebKit/537.36 (KHTML, like Gecko) Chrome/95.0.4638.69 Safari/537.36"
::1 - - [08/Nov/2021:16:54:02 +0000] "GET /css/chatbox.css HTTP/1.1" 404 154 "http://localhost:8000/" "Mozilla/5.0 (Windows NT 10.0; Win64; x64) AppleWebKit/537.36 (KHTML, like Gecko) Chrome/95.0.4638.69 Safari/537.36"
::1 - - [08/Nov/2021:16:54:02 +0000] "GET /js/comments.js HTTP/1.1" 404 153 "http://localhost:8000/" "Mozilla/5.0 (Windows NT 10.0; Win64; x64) AppleWebKit/537.36 (KHTML, like Gecko) Chrome/95.0.4638.69 Safari/537.36"
::1 - - [08/Nov/2021:16:54:02 +0000] "GET /js/likes.js HTTP/1.1" 404 150 "http://localhost:8000/" "Mozilla/5.0 (Windows NT 10.0; Win64; x64) AppleWebKit/537.36 (KHTML, like Gecko) Chrome/95.0.4638.69 Safari/537.36"
::1 - - [08/Nov/2021:16:54:02 +0000] "GET /js/chat_engine.js HTTP/1.1" 404 156 "http://localhost:8000/" "Mozilla/5.0 (Windows NT 10.0; Win64; x64) AppleWebKit/537.36 (KHTML, like Gecko) Chrome/95.0.4638.69 Safari/537.36"
::1 - - [08/Nov/2021:16:54:02 +0000] "GET /js/comments.js HTTP/1.1" 404 153 "http://localhost:8000/" "Mozilla/5.0 (Windows NT 10.0; Win64; x64) AppleWebKit/537.36 (KHTML, like Gecko) Chrome/95.0.4638.69 Safari/537.36"
::1 - - [08/Nov/2021:16:54:02 +0000] "GET /js/likes.js HTTP/1.1" 404 150 "http://localhost:8000/" "Mozilla/5.0 (Windows NT 10.0; Win64; x64) AppleWebKit/537.36 (KHTML, like Gecko) Chrome/95.0.4638.69 Safari/537.36"
::1 - - [08/Nov/2021:16:54:02 +0000] "GET /js/chat_engine.js HTTP/1.1" 404 156 "http://localhost:8000/" "Mozilla/5.0 (Windows NT 10.0; Win64; x64) AppleWebKit/537.36 (KHTML, like Gecko) Chrome/95.0.4638.69 Safari/537.36"
::1 - - [08/Nov/2021:16:54:48 +0000] "GET / HTTP/1.1" 200 5450 "http://localhost:8000/user/profile/618910dadb0f356149ea3b21" "Mozilla/5.0 (Windows NT 10.0; Win64; x64) AppleWebKit/537.36 (KHTML, like Gecko) Chrome/95.0.4638.69 Safari/537.36"
::1 - - [08/Nov/2021:16:54:48 +0000] "GET /css/chatbox.css HTTP/1.1" 404 154 "http://localhost:8000/" "Mozilla/5.0 (Windows NT 10.0; Win64; x64) AppleWebKit/537.36 (KHTML, like Gecko) Chrome/95.0.4638.69 Safari/537.36"
::1 - - [08/Nov/2021:16:54:48 +0000] "GET /js/likes.js HTTP/1.1" 404 150 "http://localhost:8000/" "Mozilla/5.0 (Windows NT 10.0; Win64; x64) AppleWebKit/537.36 (KHTML, like Gecko) Chrome/95.0.4638.69 Safari/537.36"
::1 - - [08/Nov/2021:16:54:48 +0000] "GET /js/chat_engine.js HTTP/1.1" 404 156 "http://localhost:8000/" "Mozilla/5.0 (Windows NT 10.0; Win64; x64) AppleWebKit/537.36 (KHTML, like Gecko) Chrome/95.0.4638.69 Safari/537.36"
::1 - - [08/Nov/2021:16:54:48 +0000] "GET /css/chatbox.css HTTP/1.1" 404 154 "http://localhost:8000/" "Mozilla/5.0 (Windows NT 10.0; Win64; x64) AppleWebKit/537.36 (KHTML, like Gecko) Chrome/95.0.4638.69 Safari/537.36"
::1 - - [08/Nov/2021:16:54:48 +0000] "GET /js/likes.js HTTP/1.1" 404 150 "http://localhost:8000/" "Mozilla/5.0 (Windows NT 10.0; Win64; x64) AppleWebKit/537.36 (KHTML, like Gecko) Chrome/95.0.4638.69 Safari/537.36"
::1 - - [08/Nov/2021:16:54:48 +0000] "GET /js/chat_engine.js HTTP/1.1" 404 156 "http://localhost:8000/" "Mozilla/5.0 (Windows NT 10.0; Win64; x64) AppleWebKit/537.36 (KHTML, like Gecko) Chrome/95.0.4638.69 Safari/537.36"
::1 - - [08/Nov/2021:16:54:55 +0000] "POST /comment/create HTTP/1.1" 302 46 "http://localhost:8000/" "Mozilla/5.0 (Windows NT 10.0; Win64; x64) AppleWebKit/537.36 (KHTML, like Gecko) Chrome/95.0.4638.69 Safari/537.36"
::1 - - [08/Nov/2021:16:54:55 +0000] "GET / HTTP/1.1" 200 6046 "http://localhost:8000/" "Mozilla/5.0 (Windows NT 10.0; Win64; x64) AppleWebKit/537.36 (KHTML, like Gecko) Chrome/95.0.4638.69 Safari/537.36"
::1 - - [08/Nov/2021:16:54:55 +0000] "GET /css/chatbox.css HTTP/1.1" 404 154 "http://localhost:8000/" "Mozilla/5.0 (Windows NT 10.0; Win64; x64) AppleWebKit/537.36 (KHTML, like Gecko) Chrome/95.0.4638.69 Safari/537.36"
::1 - - [08/Nov/2021:16:54:55 +0000] "GET /js/likes.js HTTP/1.1" 404 150 "http://localhost:8000/" "Mozilla/5.0 (Windows NT 10.0; Win64; x64) AppleWebKit/537.36 (KHTML, like Gecko) Chrome/95.0.4638.69 Safari/537.36"
::1 - - [08/Nov/2021:16:54:55 +0000] "GET /js/chat_engine.js HTTP/1.1" 404 156 "http://localhost:8000/" "Mozilla/5.0 (Windows NT 10.0; Win64; x64) AppleWebKit/537.36 (KHTML, like Gecko) Chrome/95.0.4638.69 Safari/537.36"
::1 - - [08/Nov/2021:16:54:55 +0000] "GET /js/likes.js HTTP/1.1" 404 150 "http://localhost:8000/" "Mozilla/5.0 (Windows NT 10.0; Win64; x64) AppleWebKit/537.36 (KHTML, like Gecko) Chrome/95.0.4638.69 Safari/537.36"
::1 - - [08/Nov/2021:16:54:55 +0000] "GET /js/chat_engine.js HTTP/1.1" 404 156 "http://localhost:8000/" "Mozilla/5.0 (Windows NT 10.0; Win64; x64) AppleWebKit/537.36 (KHTML, like Gecko) Chrome/95.0.4638.69 Safari/537.36"
::1 - - [08/Nov/2021:16:55:57 +0000] "GET / HTTP/1.1" 200 6016 "http://localhost:8000/" "Mozilla/5.0 (Windows NT 10.0; Win64; x64) AppleWebKit/537.36 (KHTML, like Gecko) Chrome/95.0.4638.69 Safari/537.36"
::1 - - [08/Nov/2021:16:55:57 +0000] "GET /css/chatbox.css HTTP/1.1" 404 154 "http://localhost:8000/" "Mozilla/5.0 (Windows NT 10.0; Win64; x64) AppleWebKit/537.36 (KHTML, like Gecko) Chrome/95.0.4638.69 Safari/537.36"
::1 - - [08/Nov/2021:16:56:00 +0000] "POST /post/create HTTP/1.1" 302 88 "http://localhost:8000/" "Mozilla/5.0 (Windows NT 10.0; Win64; x64) AppleWebKit/537.36 (KHTML, like Gecko) Chrome/95.0.4638.69 Safari/537.36"
::1 - - [08/Nov/2021:16:56:00 +0000] "GET / HTTP/1.1" 200 7383 "http://localhost:8000/" "Mozilla/5.0 (Windows NT 10.0; Win64; x64) AppleWebKit/537.36 (KHTML, like Gecko) Chrome/95.0.4638.69 Safari/537.36"
::1 - - [08/Nov/2021:16:56:00 +0000] "GET /css/chatbox.css HTTP/1.1" 404 154 "http://localhost:8000/" "Mozilla/5.0 (Windows NT 10.0; Win64; x64) AppleWebKit/537.36 (KHTML, like Gecko) Chrome/95.0.4638.69 Safari/537.36"
::1 - - [08/Nov/2021:16:57:02 +0000] "GET / HTTP/1.1" 200 7082 "http://localhost:8000/" "Mozilla/5.0 (Windows NT 10.0; Win64; x64) AppleWebKit/537.36 (KHTML, like Gecko) Chrome/95.0.4638.69 Safari/537.36"
::1 - - [08/Nov/2021:16:57:02 +0000] "GET /css/chatbox.css HTTP/1.1" 404 154 "http://localhost:8000/" "Mozilla/5.0 (Windows NT 10.0; Win64; x64) AppleWebKit/537.36 (KHTML, like Gecko) Chrome/95.0.4638.69 Safari/537.36"
::1 - - [08/Nov/2021:16:57:04 +0000] "GET /user/sign-out HTTP/1.1" 302 46 "http://localhost:8000/" "Mozilla/5.0 (Windows NT 10.0; Win64; x64) AppleWebKit/537.36 (KHTML, like Gecko) Chrome/95.0.4638.69 Safari/537.36"
::1 - - [08/Nov/2021:16:57:04 +0000] "GET / HTTP/1.1" 200 3858 "http://localhost:8000/" "Mozilla/5.0 (Windows NT 10.0; Win64; x64) AppleWebKit/537.36 (KHTML, like Gecko) Chrome/95.0.4638.69 Safari/537.36"
::1 - - [08/Nov/2021:16:57:04 +0000] "GET /css/chatbox.css HTTP/1.1" 404 154 "http://localhost:8000/" "Mozilla/5.0 (Windows NT 10.0; Win64; x64) AppleWebKit/537.36 (KHTML, like Gecko) Chrome/95.0.4638.69 Safari/537.36"
::1 - - [08/Nov/2021:16:57:06 +0000] "GET /user/sign-in HTTP/1.1" 200 2250 "http://localhost:8000/" "Mozilla/5.0 (Windows NT 10.0; Win64; x64) AppleWebKit/537.36 (KHTML, like Gecko) Chrome/95.0.4638.69 Safari/537.36"
::1 - - [08/Nov/2021:16:57:09 +0000] "GET /user/sign-up HTTP/1.1" 200 2417 "http://localhost:8000/user/sign-in" "Mozilla/5.0 (Windows NT 10.0; Win64; x64) AppleWebKit/537.36 (KHTML, like Gecko) Chrome/95.0.4638.69 Safari/537.36"
::1 - - [08/Nov/2021:16:57:09 +0000] "GET /css/googlesigninbutton.css HTTP/1.1" 404 165 "http://localhost:8000/user/sign-up" "Mozilla/5.0 (Windows NT 10.0; Win64; x64) AppleWebKit/537.36 (KHTML, like Gecko) Chrome/95.0.4638.69 Safari/537.36"
::1 - - [08/Nov/2021:16:57:15 +0000] "GET /user/sign-in HTTP/1.1" 304 - "http://localhost:8000/user/sign-up" "Mozilla/5.0 (Windows NT 10.0; Win64; x64) AppleWebKit/537.36 (KHTML, like Gecko) Chrome/95.0.4638.69 Safari/537.36"
::1 - - [08/Nov/2021:16:57:19 +0000] "POST /user/createSession HTTP/1.1" 302 120 "http://localhost:8000/user/sign-in" "Mozilla/5.0 (Windows NT 10.0; Win64; x64) AppleWebKit/537.36 (KHTML, like Gecko) Chrome/95.0.4638.69 Safari/537.36"
::1 - - [08/Nov/2021:16:57:19 +0000] "GET /user/profile/618910dadb0f356149ea3b21 HTTP/1.1" 200 2526 "http://localhost:8000/user/sign-in" "Mozilla/5.0 (Windows NT 10.0; Win64; x64) AppleWebKit/537.36 (KHTML, like Gecko) Chrome/95.0.4638.69 Safari/537.36"
::1 - - [08/Nov/2021:16:59:01 +0000] "GET /user/profile/618910dadb0f356149ea3b21 HTTP/1.1" 200 2209 "http://localhost:8000/user/sign-in" "Mozilla/5.0 (Windows NT 10.0; Win64; x64) AppleWebKit/537.36 (KHTML, like Gecko) Chrome/95.0.4638.69 Safari/537.36"
::1 - - [08/Nov/2021:16:59:03 +0000] "GET / HTTP/1.1" 200 7066 "http://localhost:8000/user/profile/618910dadb0f356149ea3b21" "Mozilla/5.0 (Windows NT 10.0; Win64; x64) AppleWebKit/537.36 (KHTML, like Gecko) Chrome/95.0.4638.69 Safari/537.36"
::1 - - [08/Nov/2021:16:59:38 +0000] "GET / HTTP/1.1" 304 - "http://localhost:8000/user/profile/618910dadb0f356149ea3b21" "Mozilla/5.0 (Windows NT 10.0; Win64; x64) AppleWebKit/537.36 (KHTML, like Gecko) Chrome/95.0.4638.69 Safari/537.36"
::1 - - [08/Nov/2021:16:59:39 +0000] "GET / HTTP/1.1" 304 - "http://localhost:8000/user/profile/618910dadb0f356149ea3b21" "Mozilla/5.0 (Windows NT 10.0; Win64; x64) AppleWebKit/537.36 (KHTML, like Gecko) Chrome/95.0.4638.69 Safari/537.36"
::1 - - [08/Nov/2021:17:00:01 +0000] "GET / HTTP/1.1" 304 - "http://localhost:8000/user/profile/618910dadb0f356149ea3b21" "Mozilla/5.0 (Windows NT 10.0; Win64; x64) AppleWebKit/537.36 (KHTML, like Gecko) Chrome/95.0.4638.69 Safari/537.36"
::1 - - [08/Nov/2021:17:00:47 +0000] "GET / HTTP/1.1" 200 7136 "http://localhost:8000/user/profile/618910dadb0f356149ea3b21" "Mozilla/5.0 (Windows NT 10.0; Win64; x64) AppleWebKit/537.36 (KHTML, like Gecko) Chrome/95.0.4638.69 Safari/537.36"
::1 - - [08/Nov/2021:17:00:47 +0000] "GET /undefined HTTP/1.1" 404 148 "http://localhost:8000/" "Mozilla/5.0 (Windows NT 10.0; Win64; x64) AppleWebKit/537.36 (KHTML, like Gecko) Chrome/95.0.4638.69 Safari/537.36"
::ffff:127.0.0.1 - - [08/Nov/2021:17:00:47 +0000] "GET /undefined HTTP/1.1" 404 148 "http://localhost:8000/" "Mozilla/5.0 (Windows NT 10.0; Win64; x64) AppleWebKit/537.36 (KHTML, like Gecko) Chrome/95.0.4638.69 Safari/537.36"
::ffff:127.0.0.1 - - [08/Nov/2021:17:00:47 +0000] "GET /undefined HTTP/1.1" 404 148 "http://localhost:8000/" "Mozilla/5.0 (Windows NT 10.0; Win64; x64) AppleWebKit/537.36 (KHTML, like Gecko) Chrome/95.0.4638.69 Safari/537.36"
::ffff:127.0.0.1 - - [08/Nov/2021:17:00:47 +0000] "GET /undefined HTTP/1.1" 404 148 "http://localhost:8000/" "Mozilla/5.0 (Windows NT 10.0; Win64; x64) AppleWebKit/537.36 (KHTML, like Gecko) Chrome/95.0.4638.69 Safari/537.36"
::ffff:127.0.0.1 - - [08/Nov/2021:17:00:47 +0000] "GET /undefined HTTP/1.1" 404 148 "http://localhost:8000/" "Mozilla/5.0 (Windows NT 10.0; Win64; x64) AppleWebKit/537.36 (KHTML, like Gecko) Chrome/95.0.4638.69 Safari/537.36"
::ffff:127.0.0.1 - - [08/Nov/2021:17:00:47 +0000] "GET /undefined HTTP/1.1" 404 148 "http://localhost:8000/" "Mozilla/5.0 (Windows NT 10.0; Win64; x64) AppleWebKit/537.36 (KHTML, like Gecko) Chrome/95.0.4638.69 Safari/537.36"
::ffff:127.0.0.1 - - [08/Nov/2021:17:00:47 +0000] "GET /undefined HTTP/1.1" 404 148 "http://localhost:8000/" "Mozilla/5.0 (Windows NT 10.0; Win64; x64) AppleWebKit/537.36 (KHTML, like Gecko) Chrome/95.0.4638.69 Safari/537.36"
::ffff:127.0.0.1 - - [08/Nov/2021:17:00:47 +0000] "GET /undefined HTTP/1.1" 404 148 "http://localhost:8000/" "Mozilla/5.0 (Windows NT 10.0; Win64; x64) AppleWebKit/537.36 (KHTML, like Gecko) Chrome/95.0.4638.69 Safari/537.36"
::1 - - [08/Nov/2021:17:02:30 +0000] "GET / HTTP/1.1" 200 7153 "http://localhost:8000/user/profile/618910dadb0f356149ea3b21" "Mozilla/5.0 (Windows NT 10.0; Win64; x64) AppleWebKit/537.36 (KHTML, like Gecko) Chrome/95.0.4638.69 Safari/537.36"
::1 - - [08/Nov/2021:17:02:30 +0000] "GET /css/main-d2cade5181.css HTTP/1.1" 200 813 "http://localhost:8000/" "Mozilla/5.0 (Windows NT 10.0; Win64; x64) AppleWebKit/537.36 (KHTML, like Gecko) Chrome/95.0.4638.69 Safari/537.36"
::1 - - [08/Nov/2021:17:02:30 +0000] "GET /undefined HTTP/1.1" 404 148 "http://localhost:8000/" "Mozilla/5.0 (Windows NT 10.0; Win64; x64) AppleWebKit/537.36 (KHTML, like Gecko) Chrome/95.0.4638.69 Safari/537.36"
::1 - - [08/Nov/2021:17:02:30 +0000] "GET /undefined HTTP/1.1" 404 148 "http://localhost:8000/" "Mozilla/5.0 (Windows NT 10.0; Win64; x64) AppleWebKit/537.36 (KHTML, like Gecko) Chrome/95.0.4638.69 Safari/537.36"
::1 - - [08/Nov/2021:17:02:30 +0000] "GET /undefined HTTP/1.1" 404 148 "http://localhost:8000/" "Mozilla/5.0 (Windows NT 10.0; Win64; x64) AppleWebKit/537.36 (KHTML, like Gecko) Chrome/95.0.4638.69 Safari/537.36"
::1 - - [08/Nov/2021:17:02:30 +0000] "GET /undefined HTTP/1.1" 404 148 "http://localhost:8000/" "Mozilla/5.0 (Windows NT 10.0; Win64; x64) AppleWebKit/537.36 (KHTML, like Gecko) Chrome/95.0.4638.69 Safari/537.36"
::1 - - [08/Nov/2021:17:02:30 +0000] "GET /undefined HTTP/1.1" 404 148 "http://localhost:8000/" "Mozilla/5.0 (Windows NT 10.0; Win64; x64) AppleWebKit/537.36 (KHTML, like Gecko) Chrome/95.0.4638.69 Safari/537.36"
::1 - - [08/Nov/2021:17:02:30 +0000] "GET /undefined HTTP/1.1" 404 148 "http://localhost:8000/" "Mozilla/5.0 (Windows NT 10.0; Win64; x64) AppleWebKit/537.36 (KHTML, like Gecko) Chrome/95.0.4638.69 Safari/537.36"
::1 - - [08/Nov/2021:17:02:31 +0000] "GET /undefined HTTP/1.1" 404 148 "http://localhost:8000/" "Mozilla/5.0 (Windows NT 10.0; Win64; x64) AppleWebKit/537.36 (KHTML, like Gecko) Chrome/95.0.4638.69 Safari/537.36"
::1 - - [08/Nov/2021:17:02:31 +0000] "GET /undefined HTTP/1.1" 404 148 "http://localhost:8000/" "Mozilla/5.0 (Windows NT 10.0; Win64; x64) AppleWebKit/537.36 (KHTML, like Gecko) Chrome/95.0.4638.69 Safari/537.36"
::1 - - [08/Nov/2021:17:03:40 +0000] "GET / HTTP/1.1" 200 7236 "http://localhost:8000/user/profile/618910dadb0f356149ea3b21" "Mozilla/5.0 (Windows NT 10.0; Win64; x64) AppleWebKit/537.36 (KHTML, like Gecko) Chrome/95.0.4638.69 Safari/537.36"
::1 - - [08/Nov/2021:17:03:40 +0000] "GET /css/main-d2cade5181.css HTTP/1.1" 304 - "http://localhost:8000/" "Mozilla/5.0 (Windows NT 10.0; Win64; x64) AppleWebKit/537.36 (KHTML, like Gecko) Chrome/95.0.4638.69 Safari/537.36"
::1 - - [08/Nov/2021:17:03:40 +0000] "GET /css/chatbox-3aa9f1fb21.css HTTP/1.1" 200 1299 "http://localhost:8000/" "Mozilla/5.0 (Windows NT 10.0; Win64; x64) AppleWebKit/537.36 (KHTML, like Gecko) Chrome/95.0.4638.69 Safari/537.36"
::1 - - [08/Nov/2021:17:03:40 +0000] "GET /js/home_posts-94f98f486a.js HTTP/1.1" 200 2517 "http://localhost:8000/" "Mozilla/5.0 (Windows NT 10.0; Win64; x64) AppleWebKit/537.36 (KHTML, like Gecko) Chrome/95.0.4638.69 Safari/537.36"
::1 - - [08/Nov/2021:17:03:40 +0000] "GET /js/comments-043725e220.js HTTP/1.1" 200 1975 "http://localhost:8000/" "Mozilla/5.0 (Windows NT 10.0; Win64; x64) AppleWebKit/537.36 (KHTML, like Gecko) Chrome/95.0.4638.69 Safari/537.36"
::1 - - [08/Nov/2021:17:03:40 +0000] "GET /undefined HTTP/1.1" 404 148 "http://localhost:8000/" "Mozilla/5.0 (Windows NT 10.0; Win64; x64) AppleWebKit/537.36 (KHTML, like Gecko) Chrome/95.0.4638.69 Safari/537.36"
::1 - - [08/Nov/2021:17:03:40 +0000] "GET /js/likes-011f648e53.js HTTP/1.1" 200 402 "http://localhost:8000/" "Mozilla/5.0 (Windows NT 10.0; Win64; x64) AppleWebKit/537.36 (KHTML, like Gecko) Chrome/95.0.4638.69 Safari/537.36"
::1 - - [08/Nov/2021:17:03:40 +0000] "GET /js/chat_engine-7581041a6e.js HTTP/1.1" 200 1026 "http://localhost:8000/" "Mozilla/5.0 (Windows NT 10.0; Win64; x64) AppleWebKit/537.36 (KHTML, like Gecko) Chrome/95.0.4638.69 Safari/537.36"
::1 - - [08/Nov/2021:17:03:40 +0000] "GET /undefined HTTP/1.1" 404 148 "http://localhost:8000/" "Mozilla/5.0 (Windows NT 10.0; Win64; x64) AppleWebKit/537.36 (KHTML, like Gecko) Chrome/95.0.4638.69 Safari/537.36"
::1 - - [08/Nov/2021:17:04:16 +0000] "GET / HTTP/1.1" 200 7250 "http://localhost:8000/user/profile/618910dadb0f356149ea3b21" "Mozilla/5.0 (Windows NT 10.0; Win64; x64) AppleWebKit/537.36 (KHTML, like Gecko) Chrome/95.0.4638.69 Safari/537.36"
::1 - - [08/Nov/2021:17:04:16 +0000] "GET /css/main-d2cade5181.css HTTP/1.1" 304 - "http://localhost:8000/" "Mozilla/5.0 (Windows NT 10.0; Win64; x64) AppleWebKit/537.36 (KHTML, like Gecko) Chrome/95.0.4638.69 Safari/537.36"
::1 - - [08/Nov/2021:17:04:16 +0000] "GET /css/chatbox-3aa9f1fb21.css HTTP/1.1" 304 - "http://localhost:8000/" "Mozilla/5.0 (Windows NT 10.0; Win64; x64) AppleWebKit/537.36 (KHTML, like Gecko) Chrome/95.0.4638.69 Safari/537.36"
::1 - - [08/Nov/2021:17:04:16 +0000] "GET /css/home-ab0c60f4b2.css HTTP/1.1" 200 235 "http://localhost:8000/" "Mozilla/5.0 (Windows NT 10.0; Win64; x64) AppleWebKit/537.36 (KHTML, like Gecko) Chrome/95.0.4638.69 Safari/537.36"
::1 - - [08/Nov/2021:17:04:16 +0000] "GET /js/home_posts-94f98f486a.js HTTP/1.1" 304 - "http://localhost:8000/" "Mozilla/5.0 (Windows NT 10.0; Win64; x64) AppleWebKit/537.36 (KHTML, like Gecko) Chrome/95.0.4638.69 Safari/537.36"
::1 - - [08/Nov/2021:17:04:16 +0000] "GET /js/comments-043725e220.js HTTP/1.1" 304 - "http://localhost:8000/" "Mozilla/5.0 (Windows NT 10.0; Win64; x64) AppleWebKit/537.36 (KHTML, like Gecko) Chrome/95.0.4638.69 Safari/537.36"
::1 - - [08/Nov/2021:17:04:16 +0000] "GET /js/likes-011f648e53.js HTTP/1.1" 304 - "http://localhost:8000/" "Mozilla/5.0 (Windows NT 10.0; Win64; x64) AppleWebKit/537.36 (KHTML, like Gecko) Chrome/95.0.4638.69 Safari/537.36"
::1 - - [08/Nov/2021:17:04:16 +0000] "GET /js/chat_engine-7581041a6e.js HTTP/1.1" 304 - "http://localhost:8000/" "Mozilla/5.0 (Windows NT 10.0; Win64; x64) AppleWebKit/537.36 (KHTML, like Gecko) Chrome/95.0.4638.69 Safari/537.36"
::1 - - [08/Nov/2021:17:06:24 +0000] "POST /like/toggle/?type=Post&id=618956a04a54f15e34167079 HTTP/1.1" 200 58 "http://localhost:8000/" "Mozilla/5.0 (Windows NT 10.0; Win64; x64) AppleWebKit/537.36 (KHTML, like Gecko) Chrome/95.0.4638.69 Safari/537.36"
::1 - - [08/Nov/2021:17:06:24 +0000] "POST /like/toggle/?type=Post&id=618956a04a54f15e34167079 HTTP/1.1" 200 57 "http://localhost:8000/" "Mozilla/5.0 (Windows NT 10.0; Win64; x64) AppleWebKit/537.36 (KHTML, like Gecko) Chrome/95.0.4638.69 Safari/537.36"
::1 - - [08/Nov/2021:17:06:25 +0000] "POST /like/toggle/?type=Post&id=61891a833aee6dd02068d068 HTTP/1.1" 200 58 "http://localhost:8000/" "Mozilla/5.0 (Windows NT 10.0; Win64; x64) AppleWebKit/537.36 (KHTML, like Gecko) Chrome/95.0.4638.69 Safari/537.36"
::1 - - [08/Nov/2021:17:06:26 +0000] "POST /like/toggle/?type=Post&id=61891a833aee6dd02068d068 HTTP/1.1" 200 57 "http://localhost:8000/" "Mozilla/5.0 (Windows NT 10.0; Win64; x64) AppleWebKit/537.36 (KHTML, like Gecko) Chrome/95.0.4638.69 Safari/537.36"
::1 - - [08/Nov/2021:17:06:26 +0000] "POST /like/toggle/?type=Comment&id=6189565f4a54f15e34167061 HTTP/1.1" 200 58 "http://localhost:8000/" "Mozilla/5.0 (Windows NT 10.0; Win64; x64) AppleWebKit/537.36 (KHTML, like Gecko) Chrome/95.0.4638.69 Safari/537.36"
::1 - - [08/Nov/2021:17:06:27 +0000] "POST /like/toggle/?type=Comment&id=6189565f4a54f15e34167061 HTTP/1.1" 200 57 "http://localhost:8000/" "Mozilla/5.0 (Windows NT 10.0; Win64; x64) AppleWebKit/537.36 (KHTML, like Gecko) Chrome/95.0.4638.69 Safari/537.36"
::1 - - [08/Nov/2021:17:06:27 +0000] "POST /like/toggle/?type=Post&id=61891133db0f356149ea3b2e HTTP/1.1" 200 58 "http://localhost:8000/" "Mozilla/5.0 (Windows NT 10.0; Win64; x64) AppleWebKit/537.36 (KHTML, like Gecko) Chrome/95.0.4638.69 Safari/537.36"
::1 - - [08/Nov/2021:17:06:28 +0000] "POST /like/toggle/?type=Post&id=61891133db0f356149ea3b2e HTTP/1.1" 200 57 "http://localhost:8000/" "Mozilla/5.0 (Windows NT 10.0; Win64; x64) AppleWebKit/537.36 (KHTML, like Gecko) Chrome/95.0.4638.69 Safari/537.36"
[0mGET / [32m200[0m 141.655 ms - 3765[0m
[0mGET /js/home_posts.js [32m200[0m 42.842 ms - 4904[0m
[0mGET /js/comments.js [32m200[0m 43.036 ms - 4589[0m
[0mGET /js/likes.js [32m200[0m 42.393 ms - 1032[0m
[0mGET /js/chat_engine.js [32m200[0m 23.080 ms - 2009[0m
[0mGET /favicon.ico [33m404[0m 9.891 ms - 150[0m
[0mGET /user/sign-in [32m200[0m 16.105 ms - 2288[0m
[0mGET /user/css/main.css [33m404[0m 11.154 ms - 156[0m
[0mGET /user/css/googlesigninbutton.css [33m404[0m 10.268 ms - 170[0m
[0mGET /user/css/googlesigninbutton.css [33m404[0m 3.546 ms - 170[0m
[0mGET / [36m304[0m 27.054 ms - -[0m
[0mGET /js/home_posts.js [36m304[0m 3.882 ms - -[0m
[0mGET /js/comments.js [36m304[0m 3.489 ms - -[0m
[0mGET /js/likes.js [36m304[0m 2.891 ms - -[0m
[0mGET /js/chat_engine.js [36m304[0m 1.419 ms - -[0m
[0mGET /css/main.css [32m200[0m 8.314 ms - 813[0m
[0mGET /css/home.css [32m200[0m 4.760 ms - 235[0m
[0mGET /css/chatbox.css [32m200[0m 3.926 ms - 1299[0m
[0mGET / [36m304[0m 23.037 ms - -[0m
[0mGET /js/home_posts.js [36m304[0m 2.070 ms - -[0m
[0mGET /js/comments.js [36m304[0m 2.068 ms - -[0m
[0mGET /js/likes.js [36m304[0m 1.724 ms - -[0m
[0mGET /js/chat_engine.js [36m304[0m 1.393 ms - -[0m
[0mGET /css/main.css [36m304[0m 1.435 ms - -[0m
[0mGET /css/home.css [36m304[0m 1.626 ms - -[0m
[0mGET /css/chatbox.css [36m304[0m 2.108 ms - -[0m
[0mGET / [36m304[0m 23.103 ms - -[0m
[0mGET /js/home_posts.js [36m304[0m 4.572 ms - -[0m
[0mGET /js/comments.js [36m304[0m 3.234 ms - -[0m
[0mGET /js/likes.js [36m304[0m 2.641 ms - -[0m
[0mGET /css/main.css [36m304[0m 2.023 ms - -[0m
[0mGET /css/home.css [36m304[0m 2.339 ms - -[0m
[0mGET /js/chat_engine.js [36m304[0m 1.993 ms - -[0m
[0mGET /css/chatbox.css [36m304[0m 0.994 ms - -[0m
[0mGET /user/sign-in [36m304[0m 9.729 ms - -[0m
[0mGET /user/css/main.css [33m404[0m 7.368 ms - 156[0m
[0mGET /user/css/googlesigninbutton.css [33m404[0m 8.986 ms - 170[0m
[0mGET /user/css/googlesigninbutton.css [33m404[0m 8.258 ms - 170[0m
[0mGET /user/sign-in [36m304[0m 19.624 ms - -[0m
[0mGET /user/css/main.css [33m404[0m 9.888 ms - 156[0m
[0mGET /user/css/googlesigninbutton.css [33m404[0m 9.980 ms - 170[0m
[0mGET /user/css/googlesigninbutton.css [33m404[0m 3.144 ms - 170[0m
[0mGET /user/sign-in [36m304[0m 5.479 ms - -[0m
[0mGET /user/css/main.css [33m404[0m 6.259 ms - 156[0m
[0mGET /user/css/googlesigninbutton.css [33m404[0m 8.511 ms - 170[0m
[0mGET /user/css/googlesigninbutton.css [33m404[0m 3.103 ms - 170[0m
[0mGET /user/sign-in [36m304[0m 6.291 ms - -[0m
[0mGET /user/css/main.css [33m404[0m 4.022 ms - 156[0m
[0mGET /user/css/googlesigninbutton.css [33m404[0m 6.189 ms - 170[0m
[0mGET /user/css/googlesigninbutton.css [33m404[0m 5.030 ms - 170[0m
[0mGET /user/sign-in [36m304[0m 5.388 ms - -[0m
[0mGET /user/css/main.css [33m404[0m 6.237 ms - 156[0m
[0mGET /user/css/googlesigninbutton.css [33m404[0m 6.103 ms - 170[0m
[0mGET /user/css/googlesigninbutton.css [33m404[0m 3.587 ms - 170[0m
[0mGET /user/sign-up [32m200[0m 8.609 ms - 2428[0m
[0mGET /user/css/main.css [33m404[0m 4.395 ms - 156[0m
[0mGET /user/css/googlesigninbutton.css [33m404[0m 6.063 ms - 170[0m
[0mGET /user/css/googlesigninbutton.css [33m404[0m 3.038 ms - 170[0m
[0mGET / [36m304[0m 43.557 ms - -[0m
[0mGET /js/home_posts.js [36m304[0m 7.362 ms - -[0m
[0mGET /js/comments.js [36m304[0m 6.895 ms - -[0m
[0mGET /js/likes.js [36m304[0m 6.451 ms - -[0m
[0mGET /js/chat_engine.js [36m304[0m 2.749 ms - -[0m
[0mGET /user/sign-in [36m304[0m 7.089 ms - -[0m
[0mGET /user/css/main.css [33m404[0m 6.129 ms - 156[0m
[0mGET /user/css/googlesigninbutton.css [33m404[0m 8.020 ms - 170[0m
[0mGET /user/css/googlesigninbutton.css [33m404[0m 4.524 ms - 170[0m
[0mPOST /user/createSession [36m302[0m 112.336 ms - 120[0m
[0mGET /user/profile/61583aa2ee37cc6cf7ce4eaa [32m200[0m 18.073 ms - 2581[0m
[0mGET /user/profile/css/main.css [33m404[0m 9.811 ms - 164[0m
[0mGET /uploads/users/avatars/avatar-1634152156219 [36m304[0m 11.831 ms - -[0m
[0mGET / [32m200[0m 28.980 ms - 7072[0m
[0mGET /js/home_posts.js [36m304[0m 1.552 ms - -[0m
[0mGET /js/comments.js [36m304[0m 8.001 ms - -[0m
[0mGET /js/likes.js [36m304[0m 6.559 ms - -[0m
[0mGET /js/chat_engine.js [36m304[0m 6.199 ms - -[0m
[0mGET /css/main.css [32m200[0m 15.299 ms - 813[0m
[0mGET /css/home.css [32m200[0m 11.388 ms - 235[0m
[0mGET /css/chatbox.css [32m200[0m 9.635 ms - 1299[0m
[0mGET / [36m304[0m 68.229 ms - -[0m
[0mGET /js/home_posts.js [36m304[0m 11.076 ms - -[0m
[0mGET /js/comments.js [36m304[0m 10.039 ms - -[0m
[0mGET /js/likes.js [36m304[0m 9.259 ms - -[0m
[0mGET /js/chat_engine.js [36m304[0m 1.455 ms - -[0m
[0mGET / [36m304[0m 25.232 ms - -[0m
[0mGET /js/home_posts.js [36m304[0m 3.929 ms - -[0m
[0mGET /js/comments.js [36m304[0m 3.240 ms - -[0m
[0mGET /js/likes.js [36m304[0m 2.355 ms - -[0m
[0mGET /js/chat_engine.js [36m304[0m 2.341 ms - -[0m
[0mGET /css/main.css [32m200[0m 5.188 ms - 813[0m
[0mGET /css/home.css [32m200[0m 6.515 ms - 235[0m
[0mGET /css/chatbox.css [32m200[0m 6.921 ms - 1299[0m
[0mGET / [36m304[0m 23.104 ms - -[0m
[0mGET /js/home_posts.js [36m304[0m 3.065 ms - -[0m
[0mGET /js/comments.js [36m304[0m 2.582 ms - -[0m
[0mGET /js/likes.js [36m304[0m 2.095 ms - -[0m
[0mGET /css/main.css [36m304[0m 2.011 ms - -[0m
[0mGET /css/home.css [36m304[0m 2.299 ms - -[0m
[0mGET /css/chatbox.css [36m304[0m 2.683 ms - -[0m
[0mGET /js/chat_engine.js [36m304[0m 2.442 ms - -[0m
[0mGET /user/profile/61583aa2ee37cc6cf7ce4eaa [32m200[0m 13.994 ms - 2264[0m
[0mGET /user/profile/css/main.css [33m404[0m 12.737 ms - 164[0m
[0mGET /uploads/users/avatars/avatar-1634152156219 [36m304[0m 10.880 ms - -[0m
[0mGET / [36m304[0m 23.161 ms - -[0m
[0mGET /js/home_posts.js [36m304[0m 3.398 ms - -[0m
[0mGET /js/comments.js [36m304[0m 2.503 ms - -[0m
[0mGET /js/likes.js [36m304[0m 1.742 ms - -[0m
[0mGET /css/main.css [36m304[0m 1.108 ms - -[0m
[0mGET /css/home.css [36m304[0m 1.894 ms - -[0m
[0mGET /css/chatbox.css [36m304[0m 2.457 ms - -[0m
[0mGET /js/chat_engine.js [36m304[0m 1.574 ms - -[0m
[0mGET / [36m304[0m 20.143 ms - -[0m
[0mGET /js/home_posts.js [36m304[0m 3.122 ms - -[0m
[0mGET /js/comments.js [36m304[0m 3.490 ms - -[0m
[0mGET /js/likes.js [36m304[0m 3.503 ms - -[0m
[0mGET /css/home.css [36m304[0m 2.253 ms - -[0m
[0mGET /css/main.css [36m304[0m 2.712 ms - -[0m
[0mGET /css/chatbox.css [36m304[0m 3.033 ms - -[0m
[0mGET /js/chat_engine.js [36m304[0m 2.494 ms - -[0m
[0mGET / [36m304[0m 19.418 ms - -[0m
[0mGET /js/home_posts.js [36m304[0m 3.053 ms - -[0m
[0mGET /js/comments.js [36m304[0m 2.765 ms - -[0m
[0mGET /js/likes.js [36m304[0m 2.791 ms - -[0m
[0mGET /css/main.css [36m304[0m 1.210 ms - -[0m
[0mGET /css/home.css [36m304[0m 1.670 ms - -[0m
[0mGET /css/chatbox.css [36m304[0m 3.400 ms - -[0m
[0mGET /js/chat_engine.js [36m304[0m 1.415 ms - -[0m
[0mGET / [36m304[0m 21.469 ms - -[0m
[0mGET /css/main.css [36m304[0m 2.299 ms - -[0m
[0mGET /js/home_posts.js [36m304[0m 2.651 ms - -[0m
[0mGET /js/comments.js [36m304[0m 2.333 ms - -[0m
[0mGET /js/likes.js [36m304[0m 2.226 ms - -[0m
[0mGET /js/chat_engine.js [36m304[0m 1.183 ms - -[0m
[0mGET /css/home.css [36m304[0m 1.709 ms - -[0m
[0mGET /css/chatbox.css [36m304[0m 0.594 ms - -[0m
[0mGET / [36m304[0m 20.539 ms - -[0m
[0mGET /js/home_posts.js [36m304[0m 2.693 ms - -[0m
[0mGET /js/comments.js [36m304[0m 2.462 ms - -[0m
[0mGET /js/likes.js [36m304[0m 1.956 ms - -[0m
[0mGET /css/main.css [36m304[0m 2.043 ms - -[0m
[0mGET /css/home.css [36m304[0m 2.533 ms - -[0m
[0mGET /css/chatbox.css [36m304[0m 2.544 ms - -[0m
[0mGET /js/chat_engine.js [36m304[0m 2.274 ms - -[0m
[0mGET / [36m304[0m 24.183 ms - -[0m
[0mGET /js/home_posts.js [36m304[0m 2.505 ms - -[0m
[0mGET /js/comments.js [36m304[0m 1.708 ms - -[0m
[0mGET /js/likes.js [36m304[0m 2.260 ms - -[0m
[0mGET /css/main.css [36m304[0m 2.331 ms - -[0m
[0mGET /js/chat_engine.js [36m304[0m 2.298 ms - -[0m
[0mGET /css/home.css [36m304[0m 1.290 ms - -[0m
[0mGET /css/chatbox.css [36m304[0m 1.768 ms - -[0m
[0mGET / [36m304[0m 22.809 ms - -[0m
[0mGET /js/home_posts.js [36m304[0m 3.538 ms - -[0m
[0mGET /js/comments.js [36m304[0m 3.172 ms - -[0m
[0mGET /js/likes.js [36m304[0m 2.356 ms - -[0m
[0mGET /css/chatbox.css [36m304[0m 2.017 ms - -[0m
[0mGET /css/main.css [36m304[0m 2.385 ms - -[0m
[0mGET /css/home.css [36m304[0m 2.772 ms - -[0m
[0mGET /js/chat_engine.js [36m304[0m 2.570 ms - -[0m
[0mGET / [36m304[0m 33.702 ms - -[0m
[0mGET /js/home_posts.js [36m304[0m 2.979 ms - -[0m
[0mGET /js/comments.js [36m304[0m 2.412 ms - -[0m
[0mGET /js/likes.js [36m304[0m 1.896 ms - -[0m
[0mGET /js/chat_engine.js [36m304[0m 2.190 ms - -[0m
[0mGET /css/main.css [36m304[0m 2.142 ms - -[0m
[0mGET /css/chatbox.css [36m304[0m 2.235 ms - -[0m
[0mGET /css/home.css [36m304[0m 2.333 ms - -[0m
[0mGET /user/sign-out [36m302[0m 8.977 ms - 46[0m
[0mGET / [32m200[0m 17.176 ms - 4076[0m
[0mGET /js/home_posts.js [36m304[0m 2.742 ms - -[0m
[0mGET /js/comments.js [36m304[0m 2.451 ms - -[0m
[0mGET /js/likes.js [36m304[0m 1.908 ms - -[0m
[0mGET /css/main.css [36m304[0m 1.673 ms - -[0m
[0mGET /css/chatbox.css [36m304[0m 3.095 ms - -[0m
[0mGET /css/home.css [36m304[0m 4.114 ms - -[0m
[0mGET /js/chat_engine.js [36m304[0m 3.790 ms - -[0m
[0mGET /user/sign-in [36m304[0m 9.494 ms - -[0m
[0mGET /user/css/main.css [33m404[0m 5.167 ms - 156[0m
[0mGET /user/css/googlesigninbutton.css [33m404[0m 5.849 ms - 170[0m
[0mGET /user/css/googlesigninbutton.css [33m404[0m 5.242 ms - 170[0m
[0mGET /user/sign-in [36m304[0m 19.910 ms - -[0m
[0mGET /user/css/main.css [33m404[0m 8.221 ms - 156[0m
[0mGET /user/css/googlesigninbutton.css [33m404[0m 9.768 ms - 170[0m
[0mGET /user/css/googlesigninbutton.css [33m404[0m 5.384 ms - 170[0m
[0mGET /user/sign-in [36m304[0m 6.722 ms - -[0m
[0mGET /user/css/main.css [33m404[0m 7.815 ms - 156[0m
[0mGET /user/css/googlesigninbutton.css [33m404[0m 10.303 ms - 170[0m
[0mGET /user/css/googlesigninbutton.css [33m404[0m 3.522 ms - 170[0m
[0mGET /user/auth/google? [36m302[0m 5.538 ms - 0[0m
[0mGET /user/auth/google/callback?code=4%2F0AX4XfWhACWsi-d40mXz_T546AS8kgpAoAPuaL-CV9KU865OPXwNbyUrUYIV-f-WQw2DDpw&scope=email+profile+openid+https%3A%2F%2Fwww.googleapis.com%2Fauth%2Fuserinfo.profile+https%3A%2F%2Fwww.googleapis.com%2Fauth%2Fuserinfo.email&authuser=0&prompt=none [36m302[0m 8888.563 ms - 120[0m
[0mGET /user/profile/61583aa2ee37cc6cf7ce4eaa [32m200[0m 11.777 ms - 2581[0m
[0mGET /uploads/users/avatars/avatar-1634152156219 [36m304[0m 12.154 ms - -[0m
[0mGET /user/profile/css/main.css [33m404[0m 12.105 ms - 164[0m
[0mGET / [32m200[0m 39.313 ms - 7072[0m
[0mGET /js/home_posts.js [36m304[0m 10.147 ms - -[0m
[0mGET /js/comments.js [36m304[0m 10.952 ms - -[0m
[0mGET /js/likes.js [36m304[0m 10.601 ms - -[0m
[0mGET /js/chat_engine.js [36m304[0m 1.179 ms - -[0m
[0mGET /user/sign-out [36m302[0m 6.853 ms - 46[0m
[0mGET / [32m200[0m 24.671 ms - 4076[0m
[0mGET /js/home_posts.js [36m304[0m 2.302 ms - -[0m
[0mGET /js/comments.js [36m304[0m 3.148 ms - -[0m
[0mGET /js/likes.js [36m304[0m 2.014 ms - -[0m
[0mGET /js/chat_engine.js [36m304[0m 3.492 ms - -[0m
[0mGET /css/main.css [32m200[0m 7.172 ms - 813[0m
[0mGET /css/home.css [32m200[0m 8.140 ms - 235[0m
[0mGET /css/chatbox.css [32m200[0m 4.084 ms - 1299[0m
[0mGET /user/sign-in [36m304[0m 7.680 ms - -[0m
[0mGET /user/css/main.css [33m404[0m 6.371 ms - 156[0m
[0mGET /user/css/googlesigninbutton.css [33m404[0m 6.752 ms - 170[0m
[0mGET /user/css/googlesigninbutton.css [33m404[0m 3.506 ms - 170[0m
[0mGET /user/sign-in [32m200[0m 24.359 ms - 2289[0m
[0mGET /user/css/main.css [33m404[0m 10.282 ms - 156[0m
[0mGET /user/sign-in [32m200[0m 7.751 ms - 2290[0m
[0mGET /css/googlesigninbutton.css [32m200[0m 4.330 ms - 823[0m
[0mGET /user/sign-in [36m304[0m 6.889 ms - -[0m
[0mGET /css/googlesigninbutton.css [36m304[0m 2.125 ms - -[0m
[0mGET /css/main.css [32m200[0m 3.780 ms - 813[0m
[0mGET /user/auth/google? [36m302[0m 6.893 ms - 0[0m
[0mGET /user/auth/google/callback?code=4%2F0AX4XfWjgDRQfyrUJQIO7hbmwuuxwnvMKf_Dla1KlXn78c8CLo6JxVbKGfwrKU9zGg86D3w&scope=email+profile+https%3A%2F%2Fwww.googleapis.com%2Fauth%2Fuserinfo.email+openid+https%3A%2F%2Fwww.googleapis.com%2Fauth%2Fuserinfo.profile&authuser=0&prompt=none [36m302[0m 8908.041 ms - 120[0m
[0mGET /user/profile/61583aa2ee37cc6cf7ce4eaa [32m200[0m 10.215 ms - 2582[0m
[0mGET /css/main.css [36m304[0m 0.954 ms - -[0m
[0mGET /uploads/users/avatars/avatar-1634152156219 [36m304[0m 11.763 ms - -[0m
[0mGET / [32m200[0m 35.191 ms - 7079[0m
[0mGET /css/main.css [36m304[0m 9.450 ms - -[0m
[0mGET /js/home_posts.js [36m304[0m 7.129 ms - -[0m
[0mGET /js/comments.js [36m304[0m 6.197 ms - -[0m
[0mGET /js/likes.js [36m304[0m 4.101 ms - -[0m
[0mGET /js/chat_engine.js [36m304[0m 0.975 ms - -[0m
